#
# There is insufficient memory for the Java Runtime Environment to continue.
# Native memory allocation (malloc) failed to allocate 3139712 bytes for Chunk::new
# Possible reasons:
#   The system is out of physical RAM or swap space
#   The process is running with CompressedOops enabled, and the Java Heap may be blocking the growth of the native heap
# Possible solutions:
#   Reduce memory load on the system
#   Increase physical memory or swap space
#   Check if swap backing store is full
#   Decrease Java heap size (-Xmx/-Xms)
#   Decrease number of Java threads
#   Decrease Java thread stack sizes (-Xss)
#   Set larger code cache with -XX:ReservedCodeCacheSize=
#   JVM is running with Unscaled Compressed Oops mode in which the Java heap is
#     placed in the first 4GB address space. The Java Heap base address is the
#     maximum limit for the native heap growth. Please use -XX:HeapBaseMinAddress
#     to set the Java Heap base and to place the Java Heap above 4GB virtual address.
# This output file may be truncated or incomplete.
#
#  Out of Memory Error (allocation.cpp:389), pid=2508, tid=0x0000000000005f9c
#
# JRE version: Java(TM) SE Runtime Environment (8.0_281-b09) (build 1.8.0_281-b09)
# Java VM: Java HotSpot(TM) 64-Bit Server VM (25.281-b09 mixed mode windows-amd64 compressed oops)
# Failed to write core dump. Minidumps are not enabled by default on client versions of Windows
#

---------------  T H R E A D  ---------------

Current thread (0x000001debdbc3800):  JavaThread "C2 CompilerThread0" daemon [_thread_in_native, id=24476, stack(0x000000c3b3a00000,0x000000c3b3b00000)]

Stack: [0x000000c3b3a00000,0x000000c3b3b00000]
Native frames: (J=compiled Java code, j=interpreted, Vv=VM code, C=native code)
V  [jvm.dll+0x32e5b9]
V  [jvm.dll+0x275012]
V  [jvm.dll+0x275cbd]
V  [jvm.dll+0x26c6f5]
V  [jvm.dll+0xd51fc]
V  [jvm.dll+0xd59fc]
V  [jvm.dll+0x46f915]
V  [jvm.dll+0x437598]
V  [jvm.dll+0x4403d5]
V  [jvm.dll+0x43f795]
V  [jvm.dll+0x42a5e7]
V  [jvm.dll+0xabe9b]
V  [jvm.dll+0xaa4fb]
V  [jvm.dll+0x23d6b2]
V  [jvm.dll+0x291cbc]
C  [ucrtbase.dll+0x21bb2]
C  [KERNEL32.DLL+0x17034]
C  [ntdll.dll+0x52651]


Current CompileTask:
C2: 432599  704 %     4       org.eclipse.jdt.launching.internal.org.objectweb.asm.ClassReader::readCode @ 2165 (5089 bytes)


---------------  P R O C E S S  ---------------

Java Threads: ( => current thread )
  0x000001debdff7000 JavaThread "AWT-Windows" daemon [_thread_in_native, id=19112, stack(0x000000c3b4200000,0x000000c3b4300000)]
  0x000001debe7e3800 JavaThread "Java2D Disposer" daemon [_thread_blocked, id=2716, stack(0x000000c3b4000000,0x000000c3b4100000)]
  0x000001debdbd7800 JavaThread "Service Thread" daemon [_thread_blocked, id=26768, stack(0x000000c3b3e00000,0x000000c3b3f00000)]
  0x000001debdbd4800 JavaThread "C1 CompilerThread3" daemon [_thread_blocked, id=24440, stack(0x000000c3b3d00000,0x000000c3b3e00000)]
  0x000001debdbcb800 JavaThread "C2 CompilerThread2" daemon [_thread_blocked, id=12716, stack(0x000000c3b3c00000,0x000000c3b3d00000)]
  0x000001debdbc7000 JavaThread "C2 CompilerThread1" daemon [_thread_blocked, id=24520, stack(0x000000c3b3b00000,0x000000c3b3c00000)]
=>0x000001debdbc3800 JavaThread "C2 CompilerThread0" daemon [_thread_in_native, id=24476, stack(0x000000c3b3a00000,0x000000c3b3b00000)]
  0x000001debdac0800 JavaThread "JDWP Command Reader" daemon [_thread_in_native, id=25200, stack(0x000000c3b3900000,0x000000c3b3a00000)]
  0x000001debba0e800 JavaThread "JDWP Event Helper Thread" daemon [_thread_blocked, id=26352, stack(0x000000c3b3800000,0x000000c3b3900000)]
  0x000001debba08000 JavaThread "JDWP Transport Listener: dt_socket" daemon [_thread_blocked, id=11440, stack(0x000000c3b3700000,0x000000c3b3800000)]
  0x000001debb9e4000 JavaThread "Attach Listener" daemon [_thread_blocked, id=24696, stack(0x000000c3b3600000,0x000000c3b3700000)]
  0x000001debb995000 JavaThread "Signal Dispatcher" daemon [_thread_blocked, id=20492, stack(0x000000c3b3500000,0x000000c3b3600000)]
  0x000001debb966800 JavaThread "Finalizer" daemon [_thread_blocked, id=17720, stack(0x000000c3b3400000,0x000000c3b3500000)]
  0x000001debb93f000 JavaThread "Reference Handler" daemon [_thread_blocked, id=24244, stack(0x000000c3b3300000,0x000000c3b3400000)]
  0x000001dea573a000 JavaThread "main" [_thread_blocked, id=21452, stack(0x000000c3b2900000,0x000000c3b2a00000)]

Other Threads:
  0x000001debb935800 VMThread [stack: 0x000000c3b3200000,0x000000c3b3300000] [id=24856]
  0x000001debdcef000 WatcherThread [stack: 0x000000c3b3f00000,0x000000c3b4000000] [id=25744]

VM state:not at safepoint (normal execution)

VM Mutex/Monitor currently owned by a thread: None

heap address: 0x0000000081600000, size: 2026 MB, Compressed Oops mode: 32-bit
Narrow klass base: 0x0000000000000000, Narrow klass shift: 3
Compressed class space size: 1073741824 Address: 0x0000000100000000

Heap:
 PSYoungGen      total 126976K, used 33802K [0x00000000d5d00000, 0x00000000de900000, 0x0000000100000000)
  eden space 121856K, 27% used [0x00000000d5d00000,0x00000000d7e02870,0x00000000dd400000)
  from space 5120K, 0% used [0x00000000de400000,0x00000000de400000,0x00000000de900000)
  to   space 5120K, 0% used [0x00000000ddf00000,0x00000000ddf00000,0x00000000de400000)
 ParOldGen       total 232960K, used 89003K [0x0000000081600000, 0x000000008f980000, 0x00000000d5d00000)
  object space 232960K, 38% used [0x0000000081600000,0x0000000086ceaeb8,0x000000008f980000)
 Metaspace       used 11869K, capacity 12184K, committed 12288K, reserved 1060864K
  class space    used 1390K, capacity 1497K, committed 1536K, reserved 1048576K

Card table byte_map: [0x000001deb64e0000,0x000001deb68e0000] byte_map_base: 0x000001deb60d5000

Marking Bits: (ParMarkBitMap*) 0x0000000066976ff0
 Begin Bits: [0x000001deb6b90000, 0x000001deb8b38000)
 End Bits:   [0x000001deb8b38000, 0x000001debaae0000)

Polling page: 0x000001dea70f0000

CodeCache: size=245760Kb used=3799Kb max_used=3906Kb free=241960Kb
 bounds [0x000001dea7120000, 0x000001dea7500000, 0x000001deb6120000]
 total_blobs=1139 nmethods=703 adapters=357
 compilation: enabled

Compilation events (10 events):
Event: 175.658 Thread 0x000001debdbd4800 nmethod 698 0x000001dea744c7d0 code [0x000001dea744c940, 0x000001dea744cbf0]
Event: 387.159 Thread 0x000001debdbcb800  700 %     4       org.eclipse.jdt.launching.internal.org.objectweb.asm.ClassReader::readCode @ 71 (5089 bytes)
Event: 389.384 Thread 0x000001debdbcb800 nmethod 700% 0x000001dea74bb590 code [0x000001dea74bc560, 0x000001dea74db6c0]
Event: 402.491 Thread 0x000001debdbcb800  701       4       org.eclipse.jdt.launching.internal.org.objectweb.asm.SymbolTable::addConstantMemberReference (147 bytes)
Event: 402.491 Thread 0x000001debdbc3800  702       4       org.eclipse.jdt.launching.internal.org.objectweb.asm.MethodWriter::visitVarInsn (302 bytes)
Event: 402.500 Thread 0x000001debdbc3800 nmethod 702 0x000001dea746bf50 code [0x000001dea746c0c0, 0x000001dea746c5d8]
Event: 402.543 Thread 0x000001debdbcb800 nmethod 701 0x000001dea7463190 code [0x000001dea74633e0, 0x000001dea7465ce0]
Event: 431.366 Thread 0x000001debdbc7000  703       4       org.eclipse.jdt.launching.internal.org.objectweb.asm.ClassReader::readClass (7 bytes)
Event: 431.368 Thread 0x000001debdbc3800  704 %     4       org.eclipse.jdt.launching.internal.org.objectweb.asm.ClassReader::readCode @ 2165 (5089 bytes)
Event: 431.369 Thread 0x000001debdbc7000 nmethod 703 0x000001dea744c1d0 code [0x000001dea744c320, 0x000001dea744c548]

GC Heap History (10 events):
Event: 0.719 GC heap before
{Heap before GC invocations=2 (full 0):
 PSYoungGen      total 38400K, used 32504K [0x00000000d5d00000, 0x00000000da800000, 0x0000000100000000)
  eden space 33280K, 82% used [0x00000000d5d00000,0x00000000d77c3c98,0x00000000d7d80000)
  from space 5120K, 99% used [0x00000000d7d80000,0x00000000d827a620,0x00000000d8280000)
  to   space 5120K, 0% used [0x00000000da300000,0x00000000da300000,0x00000000da800000)
 ParOldGen       total 87552K, used 28172K [0x0000000081600000, 0x0000000086b80000, 0x00000000d5d00000)
  object space 87552K, 32% used [0x0000000081600000,0x0000000083183138,0x0000000086b80000)
 Metaspace       used 9251K, capacity 9414K, committed 9600K, reserved 1058816K
  class space    used 1062K, capacity 1134K, committed 1152K, reserved 1048576K
Event: 0.729 GC heap after
Heap after GC invocations=2 (full 0):
 PSYoungGen      total 71680K, used 4958K [0x00000000d5d00000, 0x00000000da800000, 0x0000000100000000)
  eden space 66560K, 0% used [0x00000000d5d00000,0x00000000d5d00000,0x00000000d9e00000)
  from space 5120K, 96% used [0x00000000da300000,0x00000000da7d7bd0,0x00000000da800000)
  to   space 5120K, 0% used [0x00000000d9e00000,0x00000000d9e00000,0x00000000da300000)
 ParOldGen       total 87552K, used 49854K [0x0000000081600000, 0x0000000086b80000, 0x00000000d5d00000)
  object space 87552K, 56% used [0x0000000081600000,0x00000000846afaa8,0x0000000086b80000)
 Metaspace       used 9251K, capacity 9414K, committed 9600K, reserved 1058816K
  class space    used 1062K, capacity 1134K, committed 1152K, reserved 1048576K
}
Event: 0.859 GC heap before
{Heap before GC invocations=3 (full 0):
 PSYoungGen      total 71680K, used 68898K [0x00000000d5d00000, 0x00000000da800000, 0x0000000100000000)
  eden space 66560K, 96% used [0x00000000d5d00000,0x00000000d9b70f70,0x00000000d9e00000)
  from space 5120K, 96% used [0x00000000da300000,0x00000000da7d7bd0,0x00000000da800000)
  to   space 5120K, 0% used [0x00000000d9e00000,0x00000000d9e00000,0x00000000da300000)
 ParOldGen       total 87552K, used 49854K [0x0000000081600000, 0x0000000086b80000, 0x00000000d5d00000)
  object space 87552K, 56% used [0x0000000081600000,0x00000000846afaa8,0x0000000086b80000)
 Metaspace       used 9262K, capacity 9478K, committed 9600K, reserved 1058816K
  class space    used 1063K, capacity 1134K, committed 1152K, reserved 1048576K
Event: 0.881 GC heap after
Heap after GC invocations=3 (full 0):
 PSYoungGen      total 71680K, used 5048K [0x00000000d5d00000, 0x00000000de900000, 0x0000000100000000)
  eden space 66560K, 0% used [0x00000000d5d00000,0x00000000d5d00000,0x00000000d9e00000)
  from space 5120K, 98% used [0x00000000d9e00000,0x00000000da2ee1d0,0x00000000da300000)
  to   space 5120K, 0% used [0x00000000de400000,0x00000000de400000,0x00000000de900000)
 ParOldGen       total 114176K, used 113345K [0x0000000081600000, 0x0000000088580000, 0x00000000d5d00000)
  object space 114176K, 99% used [0x0000000081600000,0x00000000884b0770,0x0000000088580000)
 Metaspace       used 9262K, capacity 9478K, committed 9600K, reserved 1058816K
  class space    used 1063K, capacity 1134K, committed 1152K, reserved 1048576K
}
Event: 0.881 GC heap before
{Heap before GC invocations=4 (full 1):
 PSYoungGen      total 71680K, used 5048K [0x00000000d5d00000, 0x00000000de900000, 0x0000000100000000)
  eden space 66560K, 0% used [0x00000000d5d00000,0x00000000d5d00000,0x00000000d9e00000)
  from space 5120K, 98% used [0x00000000d9e00000,0x00000000da2ee1d0,0x00000000da300000)
  to   space 5120K, 0% used [0x00000000de400000,0x00000000de400000,0x00000000de900000)
 ParOldGen       total 114176K, used 113345K [0x0000000081600000, 0x0000000088580000, 0x00000000d5d00000)
  object space 114176K, 99% used [0x0000000081600000,0x00000000884b0770,0x0000000088580000)
 Metaspace       used 9262K, capacity 9478K, committed 9600K, reserved 1058816K
  class space    used 1063K, capacity 1134K, committed 1152K, reserved 1048576K
Event: 0.900 GC heap after
Heap after GC invocations=4 (full 1):
 PSYoungGen      total 71680K, used 0K [0x00000000d5d00000, 0x00000000de900000, 0x0000000100000000)
  eden space 66560K, 0% used [0x00000000d5d00000,0x00000000d5d00000,0x00000000d9e00000)
  from space 5120K, 0% used [0x00000000d9e00000,0x00000000d9e00000,0x00000000da300000)
  to   space 5120K, 0% used [0x00000000de400000,0x00000000de400000,0x00000000de900000)
 ParOldGen       total 162816K, used 56389K [0x0000000081600000, 0x000000008b500000, 0x00000000d5d00000)
  object space 162816K, 34% used [0x0000000081600000,0x0000000084d114c0,0x000000008b500000)
 Metaspace       used 9262K, capacity 9478K, committed 9600K, reserved 1058816K
  class space    used 1063K, capacity 1134K, committed 1152K, reserved 1048576K
}
Event: 1.062 GC heap before
{Heap before GC invocations=5 (full 1):
 PSYoungGen      total 71680K, used 66560K [0x00000000d5d00000, 0x00000000de900000, 0x0000000100000000)
  eden space 66560K, 100% used [0x00000000d5d00000,0x00000000d9e00000,0x00000000d9e00000)
  from space 5120K, 0% used [0x00000000d9e00000,0x00000000d9e00000,0x00000000da300000)
  to   space 5120K, 0% used [0x00000000de400000,0x00000000de400000,0x00000000de900000)
 ParOldGen       total 162816K, used 56389K [0x0000000081600000, 0x000000008b500000, 0x00000000d5d00000)
  object space 162816K, 34% used [0x0000000081600000,0x0000000084d114c0,0x000000008b500000)
 Metaspace       used 9262K, capacity 9478K, committed 9600K, reserved 1058816K
  class space    used 1063K, capacity 1134K, committed 1152K, reserved 1048576K
Event: 1.083 GC heap after
Heap after GC invocations=5 (full 1):
 PSYoungGen      total 126976K, used 5097K [0x00000000d5d00000, 0x00000000de900000, 0x0000000100000000)
  eden space 121856K, 0% used [0x00000000d5d00000,0x00000000d5d00000,0x00000000dd400000)
  from space 5120K, 99% used [0x00000000de400000,0x00000000de8fa530,0x00000000de900000)
  to   space 5120K, 0% used [0x00000000ddf00000,0x00000000ddf00000,0x00000000de400000)
 ParOldGen       total 162816K, used 135320K [0x0000000081600000, 0x000000008b500000, 0x00000000d5d00000)
  object space 162816K, 83% used [0x0000000081600000,0x0000000089a26170,0x000000008b500000)
 Metaspace       used 9262K, capacity 9478K, committed 9600K, reserved 1058816K
  class space    used 1063K, capacity 1134K, committed 1152K, reserved 1048576K
}
Event: 1.083 GC heap before
{Heap before GC invocations=6 (full 2):
 PSYoungGen      total 126976K, used 5097K [0x00000000d5d00000, 0x00000000de900000, 0x0000000100000000)
  eden space 121856K, 0% used [0x00000000d5d00000,0x00000000d5d00000,0x00000000dd400000)
  from space 5120K, 99% used [0x00000000de400000,0x00000000de8fa530,0x00000000de900000)
  to   space 5120K, 0% used [0x00000000ddf00000,0x00000000ddf00000,0x00000000de400000)
 ParOldGen       total 162816K, used 135320K [0x0000000081600000, 0x000000008b500000, 0x00000000d5d00000)
  object space 162816K, 83% used [0x0000000081600000,0x0000000089a26170,0x000000008b500000)
 Metaspace       used 9262K, capacity 9478K, committed 9600K, reserved 1058816K
  class space    used 1063K, capacity 1134K, committed 1152K, reserved 1048576K
Event: 1.095 GC heap after
Heap after GC invocations=6 (full 2):
 PSYoungGen      total 126976K, used 0K [0x00000000d5d00000, 0x00000000de900000, 0x0000000100000000)
  eden space 121856K, 0% used [0x00000000d5d00000,0x00000000d5d00000,0x00000000dd400000)
  from space 5120K, 0% used [0x00000000de400000,0x00000000de400000,0x00000000de900000)
  to   space 5120K, 0% used [0x00000000ddf00000,0x00000000ddf00000,0x00000000de400000)
 ParOldGen       total 232960K, used 89003K [0x0000000081600000, 0x000000008f980000, 0x00000000d5d00000)
  object space 232960K, 38% used [0x0000000081600000,0x0000000086ceaeb8,0x000000008f980000)
 Metaspace       used 9262K, capacity 9478K, committed 9600K, reserved 1058816K
  class space    used 1063K, capacity 1134K, committed 1152K, reserved 1048576K
}

Deoptimization events (10 events):
Event: 1.244 Thread 0x000001debe446000 Uncommon trap: reason=unstable_if action=reinterpret pc=0x000001dea73b196c method=sun.awt.image.ImageRepresentation.convertToRGB()V @ 145
Event: 1.267 Thread 0x000001debe446000 Uncommon trap: reason=unstable_if action=reinterpret pc=0x000001dea739ceb8 method=java.lang.Math.round(F)I @ 23
Event: 1.273 Thread 0x000001debe446000 Uncommon trap: reason=unstable_if action=reinterpret pc=0x000001dea73ce404 method=java.lang.Math.round(F)I @ 23
Event: 1.282 Thread 0x000001debe446000 Uncommon trap: reason=unstable_if action=reinterpret pc=0x000001dea73b442c method=java.lang.Math.round(F)I @ 23
Event: 1.294 Thread 0x000001debe446000 Uncommon trap: reason=unstable_if action=reinterpret pc=0x000001dea73b8780 method=sun.awt.image.ImageRepresentation.getOpaqueRGBImage()Ljava/awt/image/BufferedImage; @ 57
Event: 1.438 Thread 0x000001dea573a000 Uncommon trap: reason=unstable_if action=reinterpret pc=0x000001dea7298080 method=org.eclipse.jdt.launching.internal.org.objectweb.asm.ClassReader.readUtf(II[C)Ljava/lang/String; @ 41
Event: 1.438 Thread 0x000001dea573a000 Uncommon trap: reason=unstable_if action=reinterpret pc=0x000001dea72926bc method=org.eclipse.jdt.launching.internal.org.objectweb.asm.ByteVector.putUTF8(Ljava/lang/String;)Lorg/eclipse/jdt/launching/internal/org/objectweb/asm/ByteVector; @ 100
Event: 1.439 Thread 0x000001dea573a000 Uncommon trap: reason=unstable_if action=reinterpret pc=0x000001dea72900ac method=org.eclipse.jdt.launching.internal.org.objectweb.asm.ClassReader.readUtf(II[C)Ljava/lang/String; @ 41
Event: 1.466 Thread 0x000001dea573a000 Uncommon trap: reason=unstable_if action=reinterpret pc=0x000001dea7374818 method=java.io.BufferedInputStream.read1([BII)I @ 22
Event: 1.466 Thread 0x000001dea573a000 Uncommon trap: reason=unstable_if action=reinterpret pc=0x000001dea736f184 method=java.io.BufferedInputStream.read1([BII)I @ 22

Classes redefined (10 events):
Event: 353.718 Thread 0x000001debb935800 redefined class name=ui.tabs.WeatherTab$CategorySelector, count=7
Event: 353.720 Thread 0x000001debb935800 redefined class name=ui.tabs.WeatherTab, count=7
Event: 387.164 Thread 0x000001debb935800 redefined class name=ui.tabs.WeatherTab$CategorySelector, count=8
Event: 387.166 Thread 0x000001debb935800 redefined class name=ui.tabs.WeatherTab, count=8
Event: 402.497 Thread 0x000001debb935800 redefined class name=ui.tabs.WeatherTab$CategorySelector, count=9
Event: 402.499 Thread 0x000001debb935800 redefined class name=ui.tabs.WeatherTab, count=9
Event: 414.459 Thread 0x000001debb935800 redefined class name=ui.tabs.WeatherTab$CategorySelector, count=10
Event: 414.461 Thread 0x000001debb935800 redefined class name=ui.tabs.WeatherTab, count=10
Event: 431.374 Thread 0x000001debb935800 redefined class name=ui.tabs.WeatherTab$CategorySelector, count=11
Event: 431.376 Thread 0x000001debb935800 redefined class name=ui.tabs.WeatherTab, count=11

Internal exceptions (10 events):
Event: 0.819 Thread 0x000001debe446000 Exception <a 'java/io/FileNotFoundException'> (0x00000000d8988bb8) thrown at [C:\jenkins\workspace\8-2-build-windows-amd64-cygwin\jdk8u281\880\hotspot\src\share\vm\prims\jni.cpp, line 710]
Event: 0.819 Thread 0x000001debe446000 Exception <a 'java/io/FileNotFoundException'> (0x00000000d8989270) thrown at [C:\jenkins\workspace\8-2-build-windows-amd64-cygwin\jdk8u281\880\hotspot\src\share\vm\prims\jni.cpp, line 710]
Event: 0.819 Thread 0x000001debe446000 Exception <a 'java/io/FileNotFoundException'> (0x00000000d8989948) thrown at [C:\jenkins\workspace\8-2-build-windows-amd64-cygwin\jdk8u281\880\hotspot\src\share\vm\prims\jni.cpp, line 710]
Event: 0.819 Thread 0x000001debe446000 Exception <a 'java/io/FileNotFoundException'> (0x00000000d898a038) thrown at [C:\jenkins\workspace\8-2-build-windows-amd64-cygwin\jdk8u281\880\hotspot\src\share\vm\prims\jni.cpp, line 710]
Event: 0.819 Thread 0x000001debe446000 Exception <a 'java/io/FileNotFoundException'> (0x00000000d898a718) thrown at [C:\jenkins\workspace\8-2-build-windows-amd64-cygwin\jdk8u281\880\hotspot\src\share\vm\prims\jni.cpp, line 710]
Event: 0.820 Thread 0x000001debe446000 Exception <a 'java/io/FileNotFoundException'> (0x00000000d898adf0) thrown at [C:\jenkins\workspace\8-2-build-windows-amd64-cygwin\jdk8u281\880\hotspot\src\share\vm\prims\jni.cpp, line 710]
Event: 0.820 Thread 0x000001debe446000 Exception <a 'java/io/FileNotFoundException'> (0x00000000d898b4c8) thrown at [C:\jenkins\workspace\8-2-build-windows-amd64-cygwin\jdk8u281\880\hotspot\src\share\vm\prims\jni.cpp, line 710]
Event: 0.820 Thread 0x000001debe446000 Exception <a 'java/io/FileNotFoundException'> (0x00000000d898bbb0) thrown at [C:\jenkins\workspace\8-2-build-windows-amd64-cygwin\jdk8u281\880\hotspot\src\share\vm\prims\jni.cpp, line 710]
Event: 1.243 Thread 0x000001debe446000 Implicit null exception at 0x000001dea73b6540 to 0x000001dea73b72b5
Event: 1.243 Thread 0x000001debe446000 Implicit null exception at 0x000001dea739d13d to 0x000001dea739d379

Events (10 events):
Event: 431.511 Executing VM operation: GetOwnedMonitorInfo
Event: 431.511 Executing VM operation: GetOwnedMonitorInfo done
Event: 432.378 Executing VM operation: GetOwnedMonitorInfo
Event: 432.378 Executing VM operation: GetOwnedMonitorInfo done
Event: 432.380 Executing VM operation: GetCurrentContendedMonitor
Event: 432.380 Executing VM operation: GetCurrentContendedMonitor done
Event: 432.469 Executing VM operation: GetOwnedMonitorInfo
Event: 432.469 Executing VM operation: GetOwnedMonitorInfo done
Event: 432.470 Executing VM operation: GetCurrentContendedMonitor
Event: 432.470 Executing VM operation: GetCurrentContendedMonitor done


Dynamic libraries:
0x00007ff71ca00000 - 0x00007ff71ca47000 	C:\Program Files\Java\jre1.8.0_281\bin\javaw.exe
0x00007ffeb9250000 - 0x00007ffeb9445000 	C:\WINDOWS\SYSTEM32\ntdll.dll
0x00007ffeb7bb0000 - 0x00007ffeb7c6d000 	C:\WINDOWS\System32\KERNEL32.DLL
0x00007ffeb6cb0000 - 0x00007ffeb6f7d000 	C:\WINDOWS\System32\KERNELBASE.dll
0x00007ffeb9010000 - 0x00007ffeb90be000 	C:\WINDOWS\System32\ADVAPI32.dll
0x00007ffeb8690000 - 0x00007ffeb872e000 	C:\WINDOWS\System32\msvcrt.dll
0x00007ffeb7ce0000 - 0x00007ffeb7d7c000 	C:\WINDOWS\System32\sechost.dll
0x00007ffeb7470000 - 0x00007ffeb7595000 	C:\WINDOWS\System32\RPCRT4.dll
0x00007ffeb8e70000 - 0x00007ffeb9010000 	C:\WINDOWS\System32\USER32.dll
0x00007ffeb6a20000 - 0x00007ffeb6a42000 	C:\WINDOWS\System32\win32u.dll
0x00007ffeb73e0000 - 0x00007ffeb740a000 	C:\WINDOWS\System32\GDI32.dll
0x00007ffeb6a50000 - 0x00007ffeb6b5b000 	C:\WINDOWS\System32\gdi32full.dll
0x00007ffeb6f80000 - 0x00007ffeb701d000 	C:\WINDOWS\System32\msvcp_win.dll
0x00007ffeb6b60000 - 0x00007ffeb6c60000 	C:\WINDOWS\System32\ucrtbase.dll
0x00007ffea7150000 - 0x00007ffea73ea000 	C:\WINDOWS\WinSxS\amd64_microsoft.windows.common-controls_6595b64144ccf1df_6.0.19041.1110_none_60b5254171f9507e\COMCTL32.dll
0x00007ffeb7f10000 - 0x00007ffeb7f40000 	C:\WINDOWS\System32\IMM32.DLL
0x00007ffeb1c50000 - 0x00007ffeb1c65000 	C:\Program Files\Java\jre1.8.0_281\bin\vcruntime140.dll
0x00007ffe92b80000 - 0x00007ffe92c1b000 	C:\Program Files\Java\jre1.8.0_281\bin\msvcp140.dll
0x0000000066190000 - 0x00000000669ef000 	C:\Program Files\Java\jre1.8.0_281\bin\server\jvm.dll
0x00007ffeb73d0000 - 0x00007ffeb73d8000 	C:\WINDOWS\System32\PSAPI.DLL
0x00007ffeac1a0000 - 0x00007ffeac1c7000 	C:\WINDOWS\SYSTEM32\WINMM.dll
0x00007ffea3800000 - 0x00007ffea3809000 	C:\WINDOWS\SYSTEM32\WSOCK32.dll
0x00007ffead590000 - 0x00007ffead59a000 	C:\WINDOWS\SYSTEM32\VERSION.dll
0x00007ffeb7c70000 - 0x00007ffeb7cdb000 	C:\WINDOWS\System32\WS2_32.dll
0x00007ffeb5240000 - 0x00007ffeb5252000 	C:\WINDOWS\SYSTEM32\kernel.appcore.dll
0x00007ffeb3c90000 - 0x00007ffeb3ca0000 	C:\Program Files\Java\jre1.8.0_281\bin\verify.dll
0x00007ffe9e2b0000 - 0x00007ffe9e2db000 	C:\Program Files\Java\jre1.8.0_281\bin\java.dll
0x00007ffe93c30000 - 0x00007ffe93c66000 	C:\Program Files\Java\jre1.8.0_281\bin\jdwp.dll
0x00007ffeb1e20000 - 0x00007ffeb1e29000 	C:\Program Files\Java\jre1.8.0_281\bin\npt.dll
0x00007ffe95aa0000 - 0x00007ffe95ad0000 	C:\Program Files\Java\jre1.8.0_281\bin\instrument.dll
0x00007ffeb3c00000 - 0x00007ffeb3c18000 	C:\Program Files\Java\jre1.8.0_281\bin\zip.dll
0x00007ffeb7f40000 - 0x00007ffeb8684000 	C:\WINDOWS\System32\SHELL32.dll
0x00007ffeb4750000 - 0x00007ffeb4ee4000 	C:\WINDOWS\SYSTEM32\windows.storage.dll
0x00007ffeb87e0000 - 0x00007ffeb8b34000 	C:\WINDOWS\System32\combase.dll
0x00007ffeb63c0000 - 0x00007ffeb63ec000 	C:\WINDOWS\SYSTEM32\Wldp.dll
0x00007ffeb8730000 - 0x00007ffeb87dd000 	C:\WINDOWS\System32\SHCORE.dll
0x00007ffeb76d0000 - 0x00007ffeb7725000 	C:\WINDOWS\System32\shlwapi.dll
0x00007ffeb68a0000 - 0x00007ffeb68bf000 	C:\WINDOWS\SYSTEM32\profapi.dll
0x00007ffeb1c40000 - 0x00007ffeb1c4a000 	C:\Program Files\Java\jre1.8.0_281\bin\dt_socket.dll
0x00007ffe94450000 - 0x00007ffe94467000 	C:\WINDOWS\system32\napinsp.dll
0x00007ffe94430000 - 0x00007ffe9444b000 	C:\WINDOWS\system32\pnrpnsp.dll
0x00007ffeb1840000 - 0x00007ffeb1855000 	C:\WINDOWS\system32\wshbth.dll
0x00007ffeb1940000 - 0x00007ffeb195d000 	C:\WINDOWS\system32\NLAapi.dll
0x00007ffeb5d40000 - 0x00007ffeb5d7b000 	C:\WINDOWS\SYSTEM32\IPHLPAPI.DLL
0x00007ffeb60b0000 - 0x00007ffeb611a000 	C:\WINDOWS\System32\mswsock.dll
0x00007ffeb5d80000 - 0x00007ffeb5e4b000 	C:\WINDOWS\SYSTEM32\DNSAPI.dll
0x00007ffeb8cb0000 - 0x00007ffeb8cb8000 	C:\WINDOWS\System32\NSI.dll
0x00007ffe94410000 - 0x00007ffe94422000 	C:\WINDOWS\System32\winrnr.dll
0x00007ffea9880000 - 0x00007ffea9900000 	C:\WINDOWS\System32\fwpuclnt.dll
0x00007ffeb6960000 - 0x00007ffeb6987000 	C:\WINDOWS\System32\bcrypt.dll
0x00007ffeae800000 - 0x00007ffeae80a000 	C:\Windows\System32\rasadhlp.dll
0x00007ffe4d310000 - 0x00007ffe4d4a5000 	C:\Program Files\Java\jre1.8.0_281\bin\awt.dll
0x00007ffeb90c0000 - 0x00007ffeb918d000 	C:\WINDOWS\System32\OLEAUT32.dll
0x00007ffeb3cc0000 - 0x00007ffeb3d50000 	C:\WINDOWS\SYSTEM32\apphelp.dll
0x00007ffeb42d0000 - 0x00007ffeb42ff000 	C:\WINDOWS\system32\DWMAPI.DLL
0x00007ffeb3fd0000 - 0x00007ffeb406e000 	C:\WINDOWS\system32\uxtheme.dll
0x00007ffe93ee0000 - 0x00007ffe94006000 	C:\WINDOWS\system32\opengl32.dll
0x00007ffe93db0000 - 0x00007ffe93ddc000 	C:\WINDOWS\SYSTEM32\GLU32.dll
0x00007ffeb75b0000 - 0x00007ffeb76c5000 	C:\WINDOWS\System32\MSCTF.dll
0x00007ffeb7de0000 - 0x00007ffeb7f0a000 	C:\WINDOWS\System32\ole32.dll
0x00007ffeb6990000 - 0x00007ffeb6a12000 	C:\WINDOWS\System32\bcryptPrimitives.dll
0x00007ffe92ac0000 - 0x00007ffe92af2000 	C:\Program Files\Java\jre1.8.0_281\bin\jpeg.dll
0x00007ffeb1c10000 - 0x00007ffeb1c2c000 	C:\Program Files\Java\jre1.8.0_281\bin\net.dll
0x00007ffeb4ef0000 - 0x00007ffeb50d4000 	C:\WINDOWS\SYSTEM32\dbghelp.dll

VM Arguments:
jvm_args: -agentlib:jdwp=transport=dt_socket,suspend=y,address=localhost:9475 -javaagent:D:\kali\eclipse-jee-2019-06-R-win32-x86_64\eclipse\configuration\org.eclipse.osgi\411\0\.cp\lib\javaagent-shaded.jar -Dfile.encoding=UTF-8 
java_command: ui.OCafe
java_class_path (initial): C:\Users\eunwook\git\ocafeproject6\bin;C:\Users\eunwook\git\ocafeproject6\lib\apiguardian-api-1.0.0.jar;C:\Users\eunwook\git\ocafeproject6\lib\json-20200518.jar;C:\Users\eunwook\git\ocafeproject6\lib\junit-jupiter-5.4.2.jar;C:\Users\eunwook\git\ocafeproject6\lib\junit-jupiter-api-5.4.2.jar;C:\Users\eunwook\git\ocafeproject6\lib\junit-jupiter-engine-5.4.2.jar;C:\Users\eunwook\git\ocafeproject6\lib\junit-jupiter-params-5.4.2.jar;C:\Users\eunwook\git\ocafeproject6\lib\junit-platform-commons-1.4.2.jar;C:\Users\eunwook\git\ocafeproject6\lib\junit-platform-engine-1.4.2.jar;C:\Users\eunwook\git\ocafeproject6\lib\opentest4j-1.1.1.jar;C:\Users\eunwook\git\ocafeproject6\out\artifacts\OCafe_jar\OCafe.jar;D:\kali\json-simple-1.1.1.jar.zip;D:\kali\eclipse-jee-2019-06-R-win32-x86_64\eclipse\configuration\org.eclipse.osgi\411\0\.cp\lib\javaagent-shaded.jar
Launcher Type: SUN_STANDARD

Environment Variables:
JAVA_HOME=C:\Program Files\java\jdk1.8.0_281
PATH=C:/Program Files/Java/jre1.8.0_281/bin/server;C:/Program Files/Java/jre1.8.0_281/bin;C:/Program Files/Java/jre1.8.0_281/lib/amd64;C:\Program Files (x86)\Common Files\Oracle\Java\javapath;C:\Program Files (x86)\VMware\VMware Player\bin\;C:\APM_Setup\Server\PHP5;C:\WINDOWS\system32;C:\WINDOWS;C:\WINDOWS\System32\Wbem;C:\WINDOWS\System32\WindowsPowerShell\v1.0\;C:\WINDOWS\System32\OpenSSH\;C:\Users\eunwook\miniconda3;C:\Users\eunwook\miniconda3\condabin;C:\Users\eunwook\miniconda3\Library\bin;C:\Users\eunwook\miniconda3\Scripts;C:\Program Files\dotnet\;C:\Program Files\Microsoft SQL Server\130\Tools\Binn\;C:\Program Files\java\jdk1.8.0_281\bin;C:\Users\eunwook\AppData\Local\Microsoft\WindowsApps;C:\Users\eunwook\AppData\Local\Programs\Microsoft VS Code\bin;D:\kali\eclipse-jee-2019-06-R-win32-x86_64\eclipse;
USERNAME=eunwook
OS=Windows_NT
PROCESSOR_IDENTIFIER=Intel64 Family 6 Model 142 Stepping 10, GenuineIntel



---------------  S Y S T E M  ---------------

OS: Windows 10.0 , 64 bit Build 19041 (10.0.19041.1706)

CPU:total 8 (initial active 8) (4 cores per cpu, 2 threads per core) family 6 model 142 stepping 10, cmov, cx8, fxsr, mmx, sse, sse2, sse3, ssse3, sse4.1, sse4.2, popcnt, avx, avx2, aes, clmul, erms, 3dnowpref, lzcnt, ht, tsc, tscinvbit, bmi1, bmi2, adx

Memory: 4k page, physical 8295652k(651412k free), swap 22004832k(4460k free)

vm_info: Java HotSpot(TM) 64-Bit Server VM (25.281-b09) for windows-amd64 JRE (1.8.0_281-b09), built on Dec  9 2020 13:54:07 by "" with MS VC++ 15.9 (VS2017)

time: Thu May 19 23:44:54 2022
timezone: 대한민국 표준시
elapsed time: 432.610155 seconds (0d 0h 7m 12s)

