#
# There is insufficient memory for the Java Runtime Environment to continue.
# Native memory allocation (malloc) failed to allocate 32744 bytes for ChunkPool::allocate
# Possible reasons:
#   The system is out of physical RAM or swap space
#   The process is running with CompressedOops enabled, and the Java Heap may be blocking the growth of the native heap
# Possible solutions:
#   Reduce memory load on the system
#   Increase physical memory or swap space
#   Check if swap backing store is full
#   Decrease Java heap size (-Xmx/-Xms)
#   Decrease number of Java threads
#   Decrease Java thread stack sizes (-Xss)
#   Set larger code cache with -XX:ReservedCodeCacheSize=
#   JVM is running with Unscaled Compressed Oops mode in which the Java heap is
#     placed in the first 4GB address space. The Java Heap base address is the
#     maximum limit for the native heap growth. Please use -XX:HeapBaseMinAddress
#     to set the Java Heap base and to place the Java Heap above 4GB virtual address.
# This output file may be truncated or incomplete.
#
#  Out of Memory Error (allocation.cpp:272), pid=29788, tid=0x0000000000001898
#
# JRE version: Java(TM) SE Runtime Environment (8.0_281-b09) (build 1.8.0_281-b09)
# Java VM: Java HotSpot(TM) 64-Bit Server VM (25.281-b09 mixed mode windows-amd64 compressed oops)
# Failed to write core dump. Minidumps are not enabled by default on client versions of Windows
#

---------------  T H R E A D  ---------------

Current thread (0x000001e2401f3800):  JavaThread "C2 CompilerThread0" daemon [_thread_in_native, id=6296, stack(0x00000075b9100000,0x00000075b9200000)]

Stack: [0x00000075b9100000,0x00000075b9200000]
Native frames: (J=compiled Java code, j=interpreted, Vv=VM code, C=native code)
V  [jvm.dll+0x32e5b9]
V  [jvm.dll+0x275012]
V  [jvm.dll+0x275cbd]
V  [jvm.dll+0x26c6f5]
V  [jvm.dll+0xd569d]
V  [jvm.dll+0xd59fc]
V  [jvm.dll+0x4732a2]
V  [jvm.dll+0x4727df]
V  [jvm.dll+0x439f6d]
V  [jvm.dll+0x46fae8]
V  [jvm.dll+0x46ef3d]
V  [jvm.dll+0x43740a]
V  [jvm.dll+0x4403d5]
V  [jvm.dll+0x43f795]
V  [jvm.dll+0x42a5e7]
V  [jvm.dll+0xabe9b]
V  [jvm.dll+0xaa4fb]
V  [jvm.dll+0x23d6b2]
V  [jvm.dll+0x291cbc]
C  [ucrtbase.dll+0x21bb2]
C  [KERNEL32.DLL+0x17034]
C  [ntdll.dll+0x52651]


Current CompileTask:
C2: 530527  940 %     4       org.eclipse.jdt.launching.internal.org.objectweb.asm.ClassReader::readCode @ 71 (5089 bytes)


---------------  P R O C E S S  ---------------

Java Threads: ( => current thread )
  0x000001e241fa2800 JavaThread "AWT-EventQueue-0" [_thread_blocked, id=28544, stack(0x00000075b9c00000,0x00000075b9d00000)]
  0x000001e241c64800 JavaThread "AWT-Shutdown" [_thread_blocked, id=16520, stack(0x00000075b9800000,0x00000075b9900000)]
  0x000001e24074f800 JavaThread "AWT-Windows" daemon [_thread_in_native, id=4556, stack(0x00000075b9900000,0x00000075b9a00000)]
  0x000001e240542000 JavaThread "Java2D Disposer" daemon [_thread_blocked, id=17868, stack(0x00000075b9700000,0x00000075b9800000)]
  0x000001e240289000 JavaThread "Service Thread" daemon [_thread_blocked, id=6984, stack(0x00000075b9500000,0x00000075b9600000)]
  0x000001e24021b800 JavaThread "C1 CompilerThread3" daemon [_thread_blocked, id=13832, stack(0x00000075b9400000,0x00000075b9500000)]
  0x000001e2401fb000 JavaThread "C2 CompilerThread2" daemon [_thread_blocked, id=27300, stack(0x00000075b9300000,0x00000075b9400000)]
  0x000001e2401f6000 JavaThread "C2 CompilerThread1" daemon [_thread_blocked, id=28908, stack(0x00000075b9200000,0x00000075b9300000)]
=>0x000001e2401f3800 JavaThread "C2 CompilerThread0" daemon [_thread_in_native, id=6296, stack(0x00000075b9100000,0x00000075b9200000)]
  0x000001e2400f7000 JavaThread "JDWP Command Reader" daemon [_thread_in_native, id=24832, stack(0x00000075b9000000,0x00000075b9100000)]
  0x000001e2400f3800 JavaThread "JDWP Event Helper Thread" daemon [_thread_blocked, id=30560, stack(0x00000075b8f00000,0x00000075b9000000)]
  0x000001e23eadc000 JavaThread "JDWP Transport Listener: dt_socket" daemon [_thread_blocked, id=25188, stack(0x00000075b8e00000,0x00000075b8f00000)]
  0x000001e23eab5000 JavaThread "Attach Listener" daemon [_thread_blocked, id=30112, stack(0x00000075b8d00000,0x00000075b8e00000)]
  0x000001e23eab4800 JavaThread "Signal Dispatcher" daemon [_thread_blocked, id=17052, stack(0x00000075b8c00000,0x00000075b8d00000)]
  0x000001e23ea3a000 JavaThread "Finalizer" daemon [_thread_blocked, id=17960, stack(0x00000075b8b00000,0x00000075b8c00000)]
  0x000001e23ea0b000 JavaThread "Reference Handler" daemon [_thread_blocked, id=20012, stack(0x00000075b8a00000,0x00000075b8b00000)]
  0x000001e227e48800 JavaThread "main" [_thread_blocked, id=12804, stack(0x00000075b8000000,0x00000075b8100000)]

Other Threads:
  0x000001e23ea01800 VMThread [stack: 0x00000075b8900000,0x00000075b8a00000] [id=14520]
  0x000001e24031e800 WatcherThread [stack: 0x00000075b9600000,0x00000075b9700000] [id=18952]

VM state:not at safepoint (normal execution)

VM Mutex/Monitor currently owned by a thread: None

heap address: 0x0000000081600000, size: 2026 MB, Compressed Oops mode: 32-bit
Narrow klass base: 0x0000000000000000, Narrow klass shift: 3
Compressed class space size: 1073741824 Address: 0x0000000100000000

Heap:
 PSYoungGen      total 130048K, used 35362K [0x00000000d5d00000, 0x00000000de900000, 0x0000000100000000)
  eden space 124928K, 28% used [0x00000000d5d00000,0x00000000d7f88880,0x00000000dd700000)
  from space 5120K, 0% used [0x00000000de400000,0x00000000de400000,0x00000000de900000)
  to   space 5120K, 0% used [0x00000000ddf00000,0x00000000ddf00000,0x00000000de400000)
 ParOldGen       total 216064K, used 88264K [0x0000000081600000, 0x000000008e900000, 0x00000000d5d00000)
  object space 216064K, 40% used [0x0000000081600000,0x0000000086c32058,0x000000008e900000)
 Metaspace       used 13465K, capacity 13706K, committed 13952K, reserved 1060864K
  class space    used 1604K, capacity 1660K, committed 1664K, reserved 1048576K

Card table byte_map: [0x000001e238b10000,0x000001e238f10000] byte_map_base: 0x000001e238705000

Marking Bits: (ParMarkBitMap*) 0x0000000066996ff0
 Begin Bits: [0x000001e2391c0000, 0x000001e23b168000)
 End Bits:   [0x000001e23b168000, 0x000001e23d110000)

Polling page: 0x000001e227f70000

CodeCache: size=245760Kb used=4408Kb max_used=4429Kb free=241351Kb
 bounds [0x000001e229750000, 0x000001e229bb0000, 0x000001e238750000]
 total_blobs=1428 nmethods=946 adapters=402
 compilation: enabled

Compilation events (10 events):
Event: 530.039 Thread 0x000001e24021b800 nmethod 946 0x000001e229b92dd0 code [0x000001e229b930e0, 0x000001e229b94890]
Event: 530.039 Thread 0x000001e24021b800  947       3       org.eclipse.jdt.launching.internal.org.objectweb.asm.MethodWriter::hasFrames (13 bytes)
Event: 530.039 Thread 0x000001e24021b800 nmethod 947 0x000001e229b92a10 code [0x000001e229b92b60, 0x000001e229b92d18]
Event: 530.039 Thread 0x000001e24021b800  943       3       org.eclipse.jdt.launching.internal.org.objectweb.asm.MethodWriter::visitCode (1 bytes)
Event: 530.040 Thread 0x000001e24021b800 nmethod 943 0x000001e229b9bb10 code [0x000001e229b9bc60, 0x000001e229b9bdb8]
Event: 530.040 Thread 0x000001e24021b800  944       3       org.eclipse.jdt.launching.internal.org.objectweb.asm.MethodWriter::visitMaxs (60 bytes)
Event: 530.040 Thread 0x000001e24021b800 nmethod 944 0x000001e229b9be50 code [0x000001e229b9bfe0, 0x000001e229b9c2c0]
Event: 530.040 Thread 0x000001e24021b800  945       3       org.eclipse.jdt.launching.internal.org.objectweb.asm.MethodWriter::canCopyMethodAttributes (163 bytes)
Event: 530.041 Thread 0x000001e24021b800 nmethod 945 0x000001e229b9c390 code [0x000001e229b9c540, 0x000001e229b9cdb8]
Event: 530.118 Thread 0x000001e2401f6000 nmethod 941 0x000001e229ba2810 code [0x000001e229ba2a60, 0x000001e229ba5340]

GC Heap History (10 events):
Event: 1.006 GC heap before
{Heap before GC invocations=2 (full 0):
 PSYoungGen      total 38400K, used 32719K [0x00000000d5d00000, 0x00000000da800000, 0x0000000100000000)
  eden space 33280K, 82% used [0x00000000d5d00000,0x00000000d77f7f90,0x00000000d7d80000)
  from space 5120K, 99% used [0x00000000d7d80000,0x00000000d827c020,0x00000000d8280000)
  to   space 5120K, 0% used [0x00000000da300000,0x00000000da300000,0x00000000da800000)
 ParOldGen       total 87552K, used 28308K [0x0000000081600000, 0x0000000086b80000, 0x00000000d5d00000)
  object space 87552K, 32% used [0x0000000081600000,0x00000000831a5210,0x0000000086b80000)
 Metaspace       used 9245K, capacity 9414K, committed 9600K, reserved 1058816K
  class space    used 1063K, capacity 1134K, committed 1152K, reserved 1048576K
Event: 1.020 GC heap after
Heap after GC invocations=2 (full 0):
 PSYoungGen      total 71680K, used 5104K [0x00000000d5d00000, 0x00000000da800000, 0x0000000100000000)
  eden space 66560K, 0% used [0x00000000d5d00000,0x00000000d5d00000,0x00000000d9e00000)
  from space 5120K, 99% used [0x00000000da300000,0x00000000da7fc020,0x00000000da800000)
  to   space 5120K, 0% used [0x00000000d9e00000,0x00000000d9e00000,0x00000000da300000)
 ParOldGen       total 87552K, used 55757K [0x0000000081600000, 0x0000000086b80000, 0x00000000d5d00000)
  object space 87552K, 63% used [0x0000000081600000,0x0000000084c73430,0x0000000086b80000)
 Metaspace       used 9245K, capacity 9414K, committed 9600K, reserved 1058816K
  class space    used 1063K, capacity 1134K, committed 1152K, reserved 1048576K
}
Event: 1.164 GC heap before
{Heap before GC invocations=3 (full 0):
 PSYoungGen      total 71680K, used 68923K [0x00000000d5d00000, 0x00000000da800000, 0x0000000100000000)
  eden space 66560K, 95% used [0x00000000d5d00000,0x00000000d9b52ee0,0x00000000d9e00000)
  from space 5120K, 99% used [0x00000000da300000,0x00000000da7fc020,0x00000000da800000)
  to   space 5120K, 0% used [0x00000000d9e00000,0x00000000d9e00000,0x00000000da300000)
 ParOldGen       total 87552K, used 55757K [0x0000000081600000, 0x0000000086b80000, 0x00000000d5d00000)
  object space 87552K, 63% used [0x0000000081600000,0x0000000084c73430,0x0000000086b80000)
 Metaspace       used 9258K, capacity 9478K, committed 9600K, reserved 1058816K
  class space    used 1064K, capacity 1134K, committed 1152K, reserved 1048576K
Event: 1.188 GC heap after
Heap after GC invocations=3 (full 0):
 PSYoungGen      total 71680K, used 4232K [0x00000000d5d00000, 0x00000000de900000, 0x0000000100000000)
  eden space 66560K, 0% used [0x00000000d5d00000,0x00000000d5d00000,0x00000000d9e00000)
  from space 5120K, 82% used [0x00000000d9e00000,0x00000000da222010,0x00000000da300000)
  to   space 5120K, 0% used [0x00000000de400000,0x00000000de400000,0x00000000de900000)
 ParOldGen       total 131584K, used 128666K [0x0000000081600000, 0x0000000089680000, 0x00000000d5d00000)
  object space 131584K, 97% used [0x0000000081600000,0x00000000893a6a68,0x0000000089680000)
 Metaspace       used 9258K, capacity 9478K, committed 9600K, reserved 1058816K
  class space    used 1064K, capacity 1134K, committed 1152K, reserved 1048576K
}
Event: 1.188 GC heap before
{Heap before GC invocations=4 (full 1):
 PSYoungGen      total 71680K, used 4232K [0x00000000d5d00000, 0x00000000de900000, 0x0000000100000000)
  eden space 66560K, 0% used [0x00000000d5d00000,0x00000000d5d00000,0x00000000d9e00000)
  from space 5120K, 82% used [0x00000000d9e00000,0x00000000da222010,0x00000000da300000)
  to   space 5120K, 0% used [0x00000000de400000,0x00000000de400000,0x00000000de900000)
 ParOldGen       total 131584K, used 128666K [0x0000000081600000, 0x0000000089680000, 0x00000000d5d00000)
  object space 131584K, 97% used [0x0000000081600000,0x00000000893a6a68,0x0000000089680000)
 Metaspace       used 9258K, capacity 9478K, committed 9600K, reserved 1058816K
  class space    used 1064K, capacity 1134K, committed 1152K, reserved 1048576K
Event: 1.206 GC heap after
Heap after GC invocations=4 (full 1):
 PSYoungGen      total 71680K, used 0K [0x00000000d5d00000, 0x00000000de900000, 0x0000000100000000)
  eden space 66560K, 0% used [0x00000000d5d00000,0x00000000d5d00000,0x00000000d9e00000)
  from space 5120K, 0% used [0x00000000d9e00000,0x00000000d9e00000,0x00000000da300000)
  to   space 5120K, 0% used [0x00000000de400000,0x00000000de400000,0x00000000de900000)
 ParOldGen       total 166912K, used 56406K [0x0000000081600000, 0x000000008b900000, 0x00000000d5d00000)
  object space 166912K, 33% used [0x0000000081600000,0x0000000084d159b8,0x000000008b900000)
 Metaspace       used 9258K, capacity 9478K, committed 9600K, reserved 1058816K
  class space    used 1064K, capacity 1134K, committed 1152K, reserved 1048576K
}
Event: 1.373 GC heap before
{Heap before GC invocations=5 (full 1):
 PSYoungGen      total 71680K, used 66126K [0x00000000d5d00000, 0x00000000de900000, 0x0000000100000000)
  eden space 66560K, 99% used [0x00000000d5d00000,0x00000000d9d93958,0x00000000d9e00000)
  from space 5120K, 0% used [0x00000000d9e00000,0x00000000d9e00000,0x00000000da300000)
  to   space 5120K, 0% used [0x00000000de400000,0x00000000de400000,0x00000000de900000)
 ParOldGen       total 166912K, used 56406K [0x0000000081600000, 0x000000008b900000, 0x00000000d5d00000)
  object space 166912K, 33% used [0x0000000081600000,0x0000000084d159b8,0x000000008b900000)
 Metaspace       used 9258K, capacity 9478K, committed 9600K, reserved 1058816K
  class space    used 1064K, capacity 1134K, committed 1152K, reserved 1048576K
Event: 1.387 GC heap after
Heap after GC invocations=5 (full 1):
 PSYoungGen      total 130048K, used 5025K [0x00000000d5d00000, 0x00000000de900000, 0x0000000100000000)
  eden space 124928K, 0% used [0x00000000d5d00000,0x00000000d5d00000,0x00000000dd700000)
  from space 5120K, 98% used [0x00000000de400000,0x00000000de8e8400,0x00000000de900000)
  to   space 5120K, 0% used [0x00000000ddf00000,0x00000000ddf00000,0x00000000de400000)
 ParOldGen       total 166912K, used 117611K [0x0000000081600000, 0x000000008b900000, 0x00000000d5d00000)
  object space 166912K, 70% used [0x0000000081600000,0x00000000888dacc8,0x000000008b900000)
 Metaspace       used 9258K, capacity 9478K, committed 9600K, reserved 1058816K
  class space    used 1064K, capacity 1134K, committed 1152K, reserved 1048576K
}
Event: 1.388 GC heap before
{Heap before GC invocations=6 (full 2):
 PSYoungGen      total 130048K, used 5025K [0x00000000d5d00000, 0x00000000de900000, 0x0000000100000000)
  eden space 124928K, 0% used [0x00000000d5d00000,0x00000000d5d00000,0x00000000dd700000)
  from space 5120K, 98% used [0x00000000de400000,0x00000000de8e8400,0x00000000de900000)
  to   space 5120K, 0% used [0x00000000ddf00000,0x00000000ddf00000,0x00000000de400000)
 ParOldGen       total 166912K, used 117611K [0x0000000081600000, 0x000000008b900000, 0x00000000d5d00000)
  object space 166912K, 70% used [0x0000000081600000,0x00000000888dacc8,0x000000008b900000)
 Metaspace       used 9258K, capacity 9478K, committed 9600K, reserved 1058816K
  class space    used 1064K, capacity 1134K, committed 1152K, reserved 1048576K
Event: 1.399 GC heap after
Heap after GC invocations=6 (full 2):
 PSYoungGen      total 130048K, used 0K [0x00000000d5d00000, 0x00000000de900000, 0x0000000100000000)
  eden space 124928K, 0% used [0x00000000d5d00000,0x00000000d5d00000,0x00000000dd700000)
  from space 5120K, 0% used [0x00000000de400000,0x00000000de400000,0x00000000de900000)
  to   space 5120K, 0% used [0x00000000ddf00000,0x00000000ddf00000,0x00000000de400000)
 ParOldGen       total 216064K, used 88264K [0x0000000081600000, 0x000000008e900000, 0x00000000d5d00000)
  object space 216064K, 40% used [0x0000000081600000,0x0000000086c32058,0x000000008e900000)
 Metaspace       used 9258K, capacity 9478K, committed 9600K, reserved 1058816K
  class space    used 1064K, capacity 1134K, committed 1152K, reserved 1048576K
}

Deoptimization events (10 events):
Event: 1.543 Thread 0x000001e240a37800 Uncommon trap: reason=unstable_if action=reinterpret pc=0x000001e2299d1994 method=sun.awt.image.IntegerInterleavedRaster.getDataElements(IILjava/lang/Object;)Ljava/lang/Object; @ 43
Event: 1.545 Thread 0x000001e240a37800 Uncommon trap: reason=unstable_if action=reinterpret pc=0x000001e2299e1c6c method=sun.awt.image.ImageRepresentation.convertToRGB()V @ 145
Event: 1.574 Thread 0x000001e240a37800 Uncommon trap: reason=unstable_if action=reinterpret pc=0x000001e229a000dc method=java.lang.Math.round(F)I @ 23
Event: 1.579 Thread 0x000001e240a37800 Uncommon trap: reason=unstable_if action=reinterpret pc=0x000001e2299f8360 method=java.lang.Math.round(F)I @ 23
Event: 1.585 Thread 0x000001e240a37800 Uncommon trap: reason=unstable_if action=reinterpret pc=0x000001e2299ce4b8 method=java.lang.Math.round(F)I @ 23
Event: 1.779 Thread 0x000001e227e48800 Uncommon trap: reason=unstable_if action=reinterpret pc=0x000001e2298c3878 method=org.eclipse.jdt.launching.internal.org.objectweb.asm.ClassReader.readUtf(II[C)Ljava/lang/String; @ 69
Event: 1.807 Thread 0x000001e227e48800 Uncommon trap: reason=unstable_if action=reinterpret pc=0x000001e2299a61d8 method=java.io.BufferedInputStream.read1([BII)I @ 22
Event: 1.808 Thread 0x000001e227e48800 Uncommon trap: reason=unstable_if action=reinterpret pc=0x000001e22999e844 method=java.io.BufferedInputStream.read1([BII)I @ 22
Event: 2.712 Thread 0x000001e227e48800 Uncommon trap: reason=unstable_if action=reinterpret pc=0x000001e229abec6c method=com.sun.org.apache.xerces.internal.dom.DeferredDocumentImpl.clearChunkIndex([[III)I @ 3
Event: 3.573 Thread 0x000001e227e48800 Uncommon trap: reason=bimorphic action=maybe_recompile pc=0x000001e229b02de0 method=com.sun.org.apache.xerces.internal.dom.DeepNodeListImpl.nextMatchingElementAfter(Lorg/w3c/dom/Node;)Lorg/w3c/dom/Node; @ 5

Classes redefined (0 events):
No events

Internal exceptions (10 events):
Event: 1.121 Thread 0x000001e240820800 Exception <a 'java/io/FileNotFoundException'> (0x00000000d81b1660) thrown at [C:\jenkins\workspace\8-2-build-windows-amd64-cygwin\jdk8u281\880\hotspot\src\share\vm\prims\jni.cpp, line 710]
Event: 1.122 Thread 0x000001e240a37800 Exception <a 'java/io/FileNotFoundException'> (0x00000000d89e6b30) thrown at [C:\jenkins\workspace\8-2-build-windows-amd64-cygwin\jdk8u281\880\hotspot\src\share\vm\prims\jni.cpp, line 710]
Event: 1.122 Thread 0x000001e240820800 Exception <a 'java/io/FileNotFoundException'> (0x00000000d81b1d40) thrown at [C:\jenkins\workspace\8-2-build-windows-amd64-cygwin\jdk8u281\880\hotspot\src\share\vm\prims\jni.cpp, line 710]
Event: 1.122 Thread 0x000001e240a37800 Exception <a 'java/io/FileNotFoundException'> (0x00000000d89e7208) thrown at [C:\jenkins\workspace\8-2-build-windows-amd64-cygwin\jdk8u281\880\hotspot\src\share\vm\prims\jni.cpp, line 710]
Event: 1.122 Thread 0x000001e240820800 Exception <a 'java/io/FileNotFoundException'> (0x00000000d81b2428) thrown at [C:\jenkins\workspace\8-2-build-windows-amd64-cygwin\jdk8u281\880\hotspot\src\share\vm\prims\jni.cpp, line 710]
Event: 1.543 Thread 0x000001e240a37800 Implicit null exception at 0x000001e2299f4600 to 0x000001e2299f5375
Event: 1.543 Thread 0x000001e240a37800 Implicit null exception at 0x000001e2299d173d to 0x000001e2299d1979
Event: 2.712 Thread 0x000001e227e48800 Implicit null exception at 0x000001e229abeb62 to 0x000001e229abec4d
Event: 3.637 Thread 0x000001e227e48800 Exception <a 'java/io/FileNotFoundException'> (0x00000000d7c2e558) thrown at [C:\jenkins\workspace\8-2-build-windows-amd64-cygwin\jdk8u281\880\hotspot\src\share\vm\prims\jni.cpp, line 710]
Event: 3.637 Thread 0x000001e227e48800 Exception <a 'java/lang/NullPointerException'> (0x00000000d7c2ec00) thrown at [C:\jenkins\workspace\8-2-build-windows-amd64-cygwin\jdk8u281\880\hotspot\src\share\vm\interpreter\linkResolver.cpp, line 1185]

Events (10 events):
Event: 466.327 Executing VM operation: GetOwnedMonitorInfo
Event: 466.327 Executing VM operation: GetOwnedMonitorInfo done
Event: 472.334 Executing VM operation: GetCurrentContendedMonitor
Event: 472.334 Executing VM operation: GetCurrentContendedMonitor done
Event: 472.334 Executing VM operation: GetOwnedMonitorInfo
Event: 472.334 Executing VM operation: GetOwnedMonitorInfo done
Event: 495.429 Executing VM operation: GetOwnedMonitorInfo
Event: 495.429 Executing VM operation: GetOwnedMonitorInfo done
Event: 495.430 Executing VM operation: GetCurrentContendedMonitor
Event: 495.430 Executing VM operation: GetCurrentContendedMonitor done


Dynamic libraries:
0x00007ff7cdcc0000 - 0x00007ff7cdd07000 	C:\Program Files\Java\jre1.8.0_281\bin\javaw.exe
0x00007ffeb9250000 - 0x00007ffeb9445000 	C:\WINDOWS\SYSTEM32\ntdll.dll
0x00007ffeb7bb0000 - 0x00007ffeb7c6d000 	C:\WINDOWS\System32\KERNEL32.DLL
0x00007ffeb6cb0000 - 0x00007ffeb6f7d000 	C:\WINDOWS\System32\KERNELBASE.dll
0x00007ffeb9010000 - 0x00007ffeb90be000 	C:\WINDOWS\System32\ADVAPI32.dll
0x00007ffeb8690000 - 0x00007ffeb872e000 	C:\WINDOWS\System32\msvcrt.dll
0x00007ffeb7ce0000 - 0x00007ffeb7d7c000 	C:\WINDOWS\System32\sechost.dll
0x00007ffeb7470000 - 0x00007ffeb7595000 	C:\WINDOWS\System32\RPCRT4.dll
0x00007ffeb8e70000 - 0x00007ffeb9010000 	C:\WINDOWS\System32\USER32.dll
0x00007ffeb6a20000 - 0x00007ffeb6a42000 	C:\WINDOWS\System32\win32u.dll
0x00007ffeb73e0000 - 0x00007ffeb740a000 	C:\WINDOWS\System32\GDI32.dll
0x00007ffeb6a50000 - 0x00007ffeb6b5b000 	C:\WINDOWS\System32\gdi32full.dll
0x00007ffeb6f80000 - 0x00007ffeb701d000 	C:\WINDOWS\System32\msvcp_win.dll
0x00007ffeb6b60000 - 0x00007ffeb6c60000 	C:\WINDOWS\System32\ucrtbase.dll
0x00007ffea7150000 - 0x00007ffea73ea000 	C:\WINDOWS\WinSxS\amd64_microsoft.windows.common-controls_6595b64144ccf1df_6.0.19041.1110_none_60b5254171f9507e\COMCTL32.dll
0x00007ffeb7f10000 - 0x00007ffeb7f40000 	C:\WINDOWS\System32\IMM32.DLL
0x00007ffead890000 - 0x00007ffead8a5000 	C:\Program Files\Java\jre1.8.0_281\bin\vcruntime140.dll
0x00007ffe83940000 - 0x00007ffe839db000 	C:\Program Files\Java\jre1.8.0_281\bin\msvcp140.dll
0x00000000661b0000 - 0x0000000066a0f000 	C:\Program Files\Java\jre1.8.0_281\bin\server\jvm.dll
0x00007ffeb73d0000 - 0x00007ffeb73d8000 	C:\WINDOWS\System32\PSAPI.DLL
0x00007ffeac1a0000 - 0x00007ffeac1c7000 	C:\WINDOWS\SYSTEM32\WINMM.dll
0x00007ffea3800000 - 0x00007ffea3809000 	C:\WINDOWS\SYSTEM32\WSOCK32.dll
0x00007ffead590000 - 0x00007ffead59a000 	C:\WINDOWS\SYSTEM32\VERSION.dll
0x00007ffeb7c70000 - 0x00007ffeb7cdb000 	C:\WINDOWS\System32\WS2_32.dll
0x00007ffeb5240000 - 0x00007ffeb5252000 	C:\WINDOWS\SYSTEM32\kernel.appcore.dll
0x00007ffe9e360000 - 0x00007ffe9e370000 	C:\Program Files\Java\jre1.8.0_281\bin\verify.dll
0x00007ffe84ad0000 - 0x00007ffe84afb000 	C:\Program Files\Java\jre1.8.0_281\bin\java.dll
0x00007ffe95c70000 - 0x00007ffe95ca6000 	C:\Program Files\Java\jre1.8.0_281\bin\jdwp.dll
0x00007ffeb3ca0000 - 0x00007ffeb3ca9000 	C:\Program Files\Java\jre1.8.0_281\bin\npt.dll
0x00007ffe927f0000 - 0x00007ffe92820000 	C:\Program Files\Java\jre1.8.0_281\bin\instrument.dll
0x00007ffe93020000 - 0x00007ffe93038000 	C:\Program Files\Java\jre1.8.0_281\bin\zip.dll
0x00007ffeb7f40000 - 0x00007ffeb8684000 	C:\WINDOWS\System32\SHELL32.dll
0x00007ffeb4750000 - 0x00007ffeb4ee4000 	C:\WINDOWS\SYSTEM32\windows.storage.dll
0x00007ffeb87e0000 - 0x00007ffeb8b34000 	C:\WINDOWS\System32\combase.dll
0x00007ffeb63c0000 - 0x00007ffeb63ec000 	C:\WINDOWS\SYSTEM32\Wldp.dll
0x00007ffeb8730000 - 0x00007ffeb87dd000 	C:\WINDOWS\System32\SHCORE.dll
0x00007ffeb76d0000 - 0x00007ffeb7725000 	C:\WINDOWS\System32\shlwapi.dll
0x00007ffeb68a0000 - 0x00007ffeb68bf000 	C:\WINDOWS\SYSTEM32\profapi.dll
0x00007ffeb0e40000 - 0x00007ffeb0e4a000 	C:\Program Files\Java\jre1.8.0_281\bin\dt_socket.dll
0x00007ffe94450000 - 0x00007ffe94467000 	C:\WINDOWS\system32\napinsp.dll
0x00007ffe94430000 - 0x00007ffe9444b000 	C:\WINDOWS\system32\pnrpnsp.dll
0x00007ffeb1840000 - 0x00007ffeb1855000 	C:\WINDOWS\system32\wshbth.dll
0x00007ffeb1940000 - 0x00007ffeb195d000 	C:\WINDOWS\system32\NLAapi.dll
0x00007ffeb5d40000 - 0x00007ffeb5d7b000 	C:\WINDOWS\SYSTEM32\IPHLPAPI.DLL
0x00007ffeb60b0000 - 0x00007ffeb611a000 	C:\WINDOWS\System32\mswsock.dll
0x00007ffeb5d80000 - 0x00007ffeb5e4b000 	C:\WINDOWS\SYSTEM32\DNSAPI.dll
0x00007ffeb8cb0000 - 0x00007ffeb8cb8000 	C:\WINDOWS\System32\NSI.dll
0x00007ffe94410000 - 0x00007ffe94422000 	C:\WINDOWS\System32\winrnr.dll
0x00007ffea9880000 - 0x00007ffea9900000 	C:\WINDOWS\System32\fwpuclnt.dll
0x00007ffeb6960000 - 0x00007ffeb6987000 	C:\WINDOWS\System32\bcrypt.dll
0x00007ffeae800000 - 0x00007ffeae80a000 	C:\Windows\System32\rasadhlp.dll
0x00007ffe68ee0000 - 0x00007ffe69075000 	C:\Program Files\Java\jre1.8.0_281\bin\awt.dll
0x00007ffeb90c0000 - 0x00007ffeb918d000 	C:\WINDOWS\System32\OLEAUT32.dll
0x00007ffeb3cc0000 - 0x00007ffeb3d50000 	C:\WINDOWS\SYSTEM32\apphelp.dll
0x00007ffeb42d0000 - 0x00007ffeb42ff000 	C:\WINDOWS\system32\DWMAPI.DLL
0x00007ffeb3fd0000 - 0x00007ffeb406e000 	C:\WINDOWS\system32\uxtheme.dll
0x00007ffe93ee0000 - 0x00007ffe94006000 	C:\WINDOWS\system32\opengl32.dll
0x00007ffe93db0000 - 0x00007ffe93ddc000 	C:\WINDOWS\SYSTEM32\GLU32.dll
0x00007ffeb75b0000 - 0x00007ffeb76c5000 	C:\WINDOWS\System32\MSCTF.dll
0x00007ffeb7de0000 - 0x00007ffeb7f0a000 	C:\WINDOWS\System32\ole32.dll
0x00007ffeb6990000 - 0x00007ffeb6a12000 	C:\WINDOWS\System32\bcryptPrimitives.dll
0x00007ffe95c10000 - 0x00007ffe95c42000 	C:\Program Files\Java\jre1.8.0_281\bin\jpeg.dll
0x00007ffe88f80000 - 0x00007ffe88f9c000 	C:\Program Files\Java\jre1.8.0_281\bin\net.dll
0x00007ffe923b0000 - 0x00007ffe923f9000 	C:\Program Files\Java\jre1.8.0_281\bin\fontmanager.dll
0x00007ffeb4ef0000 - 0x00007ffeb50d4000 	C:\WINDOWS\SYSTEM32\dbghelp.dll

VM Arguments:
jvm_args: -agentlib:jdwp=transport=dt_socket,suspend=y,address=localhost:1150 -javaagent:D:\kali\eclipse-jee-2019-06-R-win32-x86_64\eclipse\configuration\org.eclipse.osgi\411\0\.cp\lib\javaagent-shaded.jar -Dfile.encoding=UTF-8 
java_command: ui.OCafe
java_class_path (initial): C:\Users\eunwook\git\ocafeproject6\bin;C:\Users\eunwook\git\ocafeproject6\lib\apiguardian-api-1.0.0.jar;C:\Users\eunwook\git\ocafeproject6\lib\json-20200518.jar;C:\Users\eunwook\git\ocafeproject6\lib\junit-jupiter-5.4.2.jar;C:\Users\eunwook\git\ocafeproject6\lib\junit-jupiter-api-5.4.2.jar;C:\Users\eunwook\git\ocafeproject6\lib\junit-jupiter-engine-5.4.2.jar;C:\Users\eunwook\git\ocafeproject6\lib\junit-jupiter-params-5.4.2.jar;C:\Users\eunwook\git\ocafeproject6\lib\junit-platform-commons-1.4.2.jar;C:\Users\eunwook\git\ocafeproject6\lib\junit-platform-engine-1.4.2.jar;C:\Users\eunwook\git\ocafeproject6\lib\opentest4j-1.1.1.jar;C:\Users\eunwook\git\ocafeproject6\out\artifacts\OCafe_jar\OCafe.jar;D:\kali\json-simple-1.1.1.jar.zip;D:\kali\eclipse-jee-2019-06-R-win32-x86_64\eclipse\configuration\org.eclipse.osgi\411\0\.cp\lib\javaagent-shaded.jar
Launcher Type: SUN_STANDARD

Environment Variables:
JAVA_HOME=C:\Program Files\java\jdk1.8.0_281
PATH=C:/Program Files/Java/jre1.8.0_281/bin/server;C:/Program Files/Java/jre1.8.0_281/bin;C:/Program Files/Java/jre1.8.0_281/lib/amd64;C:\Program Files (x86)\Common Files\Oracle\Java\javapath;C:\Program Files (x86)\VMware\VMware Player\bin\;C:\APM_Setup\Server\PHP5;C:\WINDOWS\system32;C:\WINDOWS;C:\WINDOWS\System32\Wbem;C:\WINDOWS\System32\WindowsPowerShell\v1.0\;C:\WINDOWS\System32\OpenSSH\;C:\Users\eunwook\miniconda3;C:\Users\eunwook\miniconda3\condabin;C:\Users\eunwook\miniconda3\Library\bin;C:\Users\eunwook\miniconda3\Scripts;C:\Program Files\dotnet\;C:\Program Files\Microsoft SQL Server\130\Tools\Binn\;C:\Program Files\java\jdk1.8.0_281\bin;C:\Users\eunwook\AppData\Local\Microsoft\WindowsApps;C:\Users\eunwook\AppData\Local\Programs\Microsoft VS Code\bin;D:\kali\eclipse-jee-2019-06-R-win32-x86_64\eclipse;
USERNAME=eunwook
OS=Windows_NT
PROCESSOR_IDENTIFIER=Intel64 Family 6 Model 142 Stepping 10, GenuineIntel



---------------  S Y S T E M  ---------------

OS: Windows 10.0 , 64 bit Build 19041 (10.0.19041.1706)

CPU:total 8 (initial active 8) (4 cores per cpu, 2 threads per core) family 6 model 142 stepping 10, cmov, cx8, fxsr, mmx, sse, sse2, sse3, ssse3, sse4.1, sse4.2, popcnt, avx, avx2, aes, clmul, erms, 3dnowpref, lzcnt, ht, tsc, tscinvbit, bmi1, bmi2, adx

Memory: 4k page, physical 8295652k(358676k free), swap 22004832k(948k free)

vm_info: Java HotSpot(TM) 64-Bit Server VM (25.281-b09) for windows-amd64 JRE (1.8.0_281-b09), built on Dec  9 2020 13:54:07 by "" with MS VC++ 15.9 (VS2017)

time: Tue May 24 20:54:21 2022
timezone: 대한민국 표준시
elapsed time: 530.542194 seconds (0d 0h 8m 50s)

