#
# There is insufficient memory for the Java Runtime Environment to continue.
# Native memory allocation (malloc) failed to allocate 32744 bytes for ChunkPool::allocate
# Possible reasons:
#   The system is out of physical RAM or swap space
#   The process is running with CompressedOops enabled, and the Java Heap may be blocking the growth of the native heap
# Possible solutions:
#   Reduce memory load on the system
#   Increase physical memory or swap space
#   Check if swap backing store is full
#   Decrease Java heap size (-Xmx/-Xms)
#   Decrease number of Java threads
#   Decrease Java thread stack sizes (-Xss)
#   Set larger code cache with -XX:ReservedCodeCacheSize=
#   JVM is running with Unscaled Compressed Oops mode in which the Java heap is
#     placed in the first 4GB address space. The Java Heap base address is the
#     maximum limit for the native heap growth. Please use -XX:HeapBaseMinAddress
#     to set the Java Heap base and to place the Java Heap above 4GB virtual address.
# This output file may be truncated or incomplete.
#
#  Out of Memory Error (allocation.cpp:272), pid=22476, tid=0x000000000000226c
#
# JRE version: Java(TM) SE Runtime Environment (8.0_281-b09) (build 1.8.0_281-b09)
# Java VM: Java HotSpot(TM) 64-Bit Server VM (25.281-b09 mixed mode windows-amd64 compressed oops)
# Failed to write core dump. Minidumps are not enabled by default on client versions of Windows
#

---------------  T H R E A D  ---------------

Current thread (0x0000019067d1d800):  JavaThread "C2 CompilerThread0" daemon [_thread_in_native, id=8812, stack(0x0000002b78b00000,0x0000002b78c00000)]

Stack: [0x0000002b78b00000,0x0000002b78c00000]
Native frames: (J=compiled Java code, j=interpreted, Vv=VM code, C=native code)
V  [jvm.dll+0x32e5b9]


Current CompileTask:
C2:1235968  775       4       org.eclipse.jdt.launching.internal.org.objectweb.asm.ClassReader::readCode (5089 bytes)


---------------  P R O C E S S  ---------------

Java Threads: ( => current thread )
  0x0000019068af5800 JavaThread "AWT-EventQueue-0" [_thread_blocked, id=21136, stack(0x0000002b79600000,0x0000002b79700000)]
  0x0000019068593000 JavaThread "AWT-Windows" daemon [_thread_in_native, id=20464, stack(0x0000002b79300000,0x0000002b79400000)]
  0x0000019068643000 JavaThread "AWT-Shutdown" [_thread_blocked, id=29432, stack(0x0000002b79200000,0x0000002b79300000)]
  0x0000019068260000 JavaThread "Java2D Disposer" daemon [_thread_blocked, id=17964, stack(0x0000002b79100000,0x0000002b79200000)]
  0x0000019067d32000 JavaThread "Service Thread" daemon [_thread_blocked, id=30040, stack(0x0000002b78f00000,0x0000002b79000000)]
  0x0000019067d2f000 JavaThread "C1 CompilerThread3" daemon [_thread_blocked, id=11692, stack(0x0000002b78e00000,0x0000002b78f00000)]
  0x0000019067d36000 JavaThread "C2 CompilerThread2" daemon [_thread_blocked, id=20680, stack(0x0000002b78d00000,0x0000002b78e00000)]
  0x0000019067d35800 JavaThread "C2 CompilerThread1" daemon [_thread_blocked, id=24388, stack(0x0000002b78c00000,0x0000002b78d00000)]
=>0x0000019067d1d800 JavaThread "C2 CompilerThread0" daemon [_thread_in_native, id=8812, stack(0x0000002b78b00000,0x0000002b78c00000)]
  0x0000019067c25800 JavaThread "JDWP Command Reader" daemon [_thread_in_native, id=8504, stack(0x0000002b78a00000,0x0000002b78b00000)]
  0x0000019067c24800 JavaThread "JDWP Event Helper Thread" daemon [_thread_blocked, id=19884, stack(0x0000002b78900000,0x0000002b78a00000)]
  0x0000019067c20800 JavaThread "JDWP Transport Listener: dt_socket" daemon [_thread_blocked, id=20276, stack(0x0000002b78800000,0x0000002b78900000)]
  0x00000190665e1000 JavaThread "Attach Listener" daemon [_thread_blocked, id=30260, stack(0x0000002b78700000,0x0000002b78800000)]
  0x00000190665e0800 JavaThread "Signal Dispatcher" daemon [_thread_blocked, id=8428, stack(0x0000002b78600000,0x0000002b78700000)]
  0x0000019066565800 JavaThread "Finalizer" daemon [_thread_blocked, id=18324, stack(0x0000002b78500000,0x0000002b78600000)]
  0x000001906653d000 JavaThread "Reference Handler" daemon [_thread_blocked, id=4668, stack(0x0000002b78400000,0x0000002b78500000)]
  0x000001904f9f9800 JavaThread "main" [_thread_blocked, id=17892, stack(0x0000002b77a00000,0x0000002b77b00000)]

Other Threads:
  0x0000019066531800 VMThread [stack: 0x0000002b78300000,0x0000002b78400000] [id=30180]
  0x0000019067e5c000 WatcherThread [stack: 0x0000002b79000000,0x0000002b79100000] [id=25708]

VM state:not at safepoint (normal execution)

VM Mutex/Monitor currently owned by a thread: None

heap address: 0x0000000081600000, size: 2026 MB, Compressed Oops mode: 32-bit
Narrow klass base: 0x0000000000000000, Narrow klass shift: 3
Compressed class space size: 1073741824 Address: 0x0000000100000000

Heap:
 PSYoungGen      total 119808K, used 27149K [0x00000000d5d00000, 0x00000000de100000, 0x0000000100000000)
  eden space 114688K, 23% used [0x00000000d5d00000,0x00000000d7783428,0x00000000dcd00000)
  from space 5120K, 0% used [0x00000000ddc00000,0x00000000ddc00000,0x00000000de100000)
  to   space 5120K, 0% used [0x00000000dd700000,0x00000000dd700000,0x00000000ddc00000)
 ParOldGen       total 228864K, used 87927K [0x0000000081600000, 0x000000008f580000, 0x00000000d5d00000)
  object space 228864K, 38% used [0x0000000081600000,0x0000000086bddf70,0x000000008f580000)
 Metaspace       used 13754K, capacity 14026K, committed 14336K, reserved 1062912K
  class space    used 1645K, capacity 1724K, committed 1792K, reserved 1048576K

Card table byte_map: [0x0000019060770000,0x0000019060b70000] byte_map_base: 0x0000019060365000

Marking Bits: (ParMarkBitMap*) 0x0000000066996ff0
 Begin Bits: [0x0000019060e20000, 0x0000019062dc8000)
 End Bits:   [0x0000019062dc8000, 0x0000019064d70000)

Polling page: 0x000001904f990000

CodeCache: size=245760Kb used=3925Kb max_used=4039Kb free=241834Kb
 bounds [0x00000190513b0000, 0x00000190517c0000, 0x00000190603b0000]
 total_blobs=1253 nmethods=772 adapters=402
 compilation: enabled

Compilation events (10 events):
Event: 1131.377 Thread 0x0000019067d36000 nmethod 770% 0x0000019051747b90 code [0x0000019051748a80, 0x000001905175f740]
Event: 1166.566 Thread 0x0000019067d35800  771       4       org.eclipse.jdt.launching.internal.org.objectweb.asm.MethodWriter::visitVarInsn (302 bytes)
Event: 1166.567 Thread 0x0000019067d1d800  772 %     4       org.eclipse.jdt.launching.internal.org.objectweb.asm.ClassReader::readCode @ 2165 (5089 bytes)
Event: 1166.570 Thread 0x0000019067d35800 nmethod 771 0x0000019051747050 code [0x00000190517471c0, 0x00000190517476d8]
Event: 1168.338 Thread 0x0000019067d1d800 nmethod 772% 0x000001905178f410 code [0x000001905178fe80, 0x00000190517ac4e0]
Event: 1170.356 Thread 0x0000019067d36000  773       4       org.eclipse.jdt.launching.internal.org.objectweb.asm.MethodWriter::visitMethodInsn (191 bytes)
Event: 1170.367 Thread 0x0000019067d36000 nmethod 773 0x0000019051745850 code [0x0000019051745a00, 0x0000019051746520]
Event: 1200.281 Thread 0x0000019067d1d800  774       4       org.eclipse.jdt.launching.internal.org.objectweb.asm.Label::resolve (219 bytes)
Event: 1200.284 Thread 0x0000019067d1d800 nmethod 774 0x00000190514dd450 code [0x00000190514dd5a0, 0x00000190514dd9d8]
Event: 1235.358 Thread 0x0000019067d1d800  775       4       org.eclipse.jdt.launching.internal.org.objectweb.asm.ClassReader::readCode (5089 bytes)

GC Heap History (10 events):
Event: 0.875 GC heap before
{Heap before GC invocations=3 (full 1):
 PSYoungGen      total 71680K, used 5113K [0x00000000d5d00000, 0x00000000da800000, 0x0000000100000000)
  eden space 66560K, 0% used [0x00000000d5d00000,0x00000000d5d00000,0x00000000d9e00000)
  from space 5120K, 99% used [0x00000000da300000,0x00000000da7fe630,0x00000000da800000)
  to   space 5120K, 0% used [0x00000000d9e00000,0x00000000d9e00000,0x00000000da300000)
 ParOldGen       total 87552K, used 61697K [0x0000000081600000, 0x0000000086b80000, 0x00000000d5d00000)
  object space 87552K, 70% used [0x0000000081600000,0x0000000085240590,0x0000000086b80000)
 Metaspace       used 9248K, capacity 9478K, committed 9600K, reserved 1058816K
  class space    used 1063K, capacity 1134K, committed 1152K, reserved 1048576K
Event: 0.890 GC heap after
Heap after GC invocations=3 (full 1):
 PSYoungGen      total 71680K, used 0K [0x00000000d5d00000, 0x00000000da800000, 0x0000000100000000)
  eden space 66560K, 0% used [0x00000000d5d00000,0x00000000d5d00000,0x00000000d9e00000)
  from space 5120K, 0% used [0x00000000da300000,0x00000000da300000,0x00000000da800000)
  to   space 5120K, 0% used [0x00000000d9e00000,0x00000000d9e00000,0x00000000da300000)
 ParOldGen       total 98304K, used 25557K [0x0000000081600000, 0x0000000087600000, 0x00000000d5d00000)
  object space 98304K, 25% used [0x0000000081600000,0x0000000082ef5760,0x0000000087600000)
 Metaspace       used 9248K, capacity 9478K, committed 9600K, reserved 1058816K
  class space    used 1063K, capacity 1134K, committed 1152K, reserved 1048576K
}
Event: 1.027 GC heap before
{Heap before GC invocations=4 (full 1):
 PSYoungGen      total 71680K, used 63814K [0x00000000d5d00000, 0x00000000da800000, 0x0000000100000000)
  eden space 66560K, 95% used [0x00000000d5d00000,0x00000000d9b51860,0x00000000d9e00000)
  from space 5120K, 0% used [0x00000000da300000,0x00000000da300000,0x00000000da800000)
  to   space 5120K, 0% used [0x00000000d9e00000,0x00000000d9e00000,0x00000000da300000)
 ParOldGen       total 98304K, used 25557K [0x0000000081600000, 0x0000000087600000, 0x00000000d5d00000)
  object space 98304K, 25% used [0x0000000081600000,0x0000000082ef5760,0x0000000087600000)
 Metaspace       used 9256K, capacity 9478K, committed 9600K, reserved 1058816K
  class space    used 1064K, capacity 1134K, committed 1152K, reserved 1048576K
Event: 1.044 GC heap after
Heap after GC invocations=4 (full 1):
 PSYoungGen      total 71680K, used 4982K [0x00000000d5d00000, 0x00000000de100000, 0x0000000100000000)
  eden space 66560K, 0% used [0x00000000d5d00000,0x00000000d5d00000,0x00000000d9e00000)
  from space 5120K, 97% used [0x00000000d9e00000,0x00000000da2dd820,0x00000000da300000)
  to   space 5120K, 0% used [0x00000000ddc00000,0x00000000ddc00000,0x00000000de100000)
 ParOldGen       total 98304K, used 88014K [0x0000000081600000, 0x0000000087600000, 0x00000000d5d00000)
  object space 98304K, 89% used [0x0000000081600000,0x0000000086bf3a48,0x0000000087600000)
 Metaspace       used 9256K, capacity 9478K, committed 9600K, reserved 1058816K
  class space    used 1064K, capacity 1134K, committed 1152K, reserved 1048576K
}
Event: 1.044 GC heap before
{Heap before GC invocations=5 (full 2):
 PSYoungGen      total 71680K, used 4982K [0x00000000d5d00000, 0x00000000de100000, 0x0000000100000000)
  eden space 66560K, 0% used [0x00000000d5d00000,0x00000000d5d00000,0x00000000d9e00000)
  from space 5120K, 97% used [0x00000000d9e00000,0x00000000da2dd820,0x00000000da300000)
  to   space 5120K, 0% used [0x00000000ddc00000,0x00000000ddc00000,0x00000000de100000)
 ParOldGen       total 98304K, used 88014K [0x0000000081600000, 0x0000000087600000, 0x00000000d5d00000)
  object space 98304K, 89% used [0x0000000081600000,0x0000000086bf3a48,0x0000000087600000)
 Metaspace       used 9256K, capacity 9478K, committed 9600K, reserved 1058816K
  class space    used 1064K, capacity 1134K, committed 1152K, reserved 1048576K
Event: 1.056 GC heap after
Heap after GC invocations=5 (full 2):
 PSYoungGen      total 71680K, used 0K [0x00000000d5d00000, 0x00000000de100000, 0x0000000100000000)
  eden space 66560K, 0% used [0x00000000d5d00000,0x00000000d5d00000,0x00000000d9e00000)
  from space 5120K, 0% used [0x00000000d9e00000,0x00000000d9e00000,0x00000000da300000)
  to   space 5120K, 0% used [0x00000000ddc00000,0x00000000ddc00000,0x00000000de100000)
 ParOldGen       total 169984K, used 56448K [0x0000000081600000, 0x000000008bc00000, 0x00000000d5d00000)
  object space 169984K, 33% used [0x0000000081600000,0x0000000084d203a0,0x000000008bc00000)
 Metaspace       used 9256K, capacity 9478K, committed 9600K, reserved 1058816K
  class space    used 1064K, capacity 1134K, committed 1152K, reserved 1048576K
}
Event: 1.220 GC heap before
{Heap before GC invocations=6 (full 2):
 PSYoungGen      total 71680K, used 66012K [0x00000000d5d00000, 0x00000000de100000, 0x0000000100000000)
  eden space 66560K, 99% used [0x00000000d5d00000,0x00000000d9d77160,0x00000000d9e00000)
  from space 5120K, 0% used [0x00000000d9e00000,0x00000000d9e00000,0x00000000da300000)
  to   space 5120K, 0% used [0x00000000ddc00000,0x00000000ddc00000,0x00000000de100000)
 ParOldGen       total 169984K, used 56448K [0x0000000081600000, 0x000000008bc00000, 0x00000000d5d00000)
  object space 169984K, 33% used [0x0000000081600000,0x0000000084d203a0,0x000000008bc00000)
 Metaspace       used 9256K, capacity 9478K, committed 9600K, reserved 1058816K
  class space    used 1064K, capacity 1134K, committed 1152K, reserved 1048576K
Event: 1.242 GC heap after
Heap after GC invocations=6 (full 2):
 PSYoungGen      total 119808K, used 4911K [0x00000000d5d00000, 0x00000000de100000, 0x0000000100000000)
  eden space 114688K, 0% used [0x00000000d5d00000,0x00000000d5d00000,0x00000000dcd00000)
  from space 5120K, 95% used [0x00000000ddc00000,0x00000000de0cbd80,0x00000000de100000)
  to   space 5120K, 0% used [0x00000000dd700000,0x00000000dd700000,0x00000000ddc00000)
 ParOldGen       total 169984K, used 123580K [0x0000000081600000, 0x000000008bc00000, 0x00000000d5d00000)
  object space 169984K, 72% used [0x0000000081600000,0x0000000088eaf180,0x000000008bc00000)
 Metaspace       used 9256K, capacity 9478K, committed 9600K, reserved 1058816K
  class space    used 1064K, capacity 1134K, committed 1152K, reserved 1048576K
}
Event: 1.242 GC heap before
{Heap before GC invocations=7 (full 3):
 PSYoungGen      total 119808K, used 4911K [0x00000000d5d00000, 0x00000000de100000, 0x0000000100000000)
  eden space 114688K, 0% used [0x00000000d5d00000,0x00000000d5d00000,0x00000000dcd00000)
  from space 5120K, 95% used [0x00000000ddc00000,0x00000000de0cbd80,0x00000000de100000)
  to   space 5120K, 0% used [0x00000000dd700000,0x00000000dd700000,0x00000000ddc00000)
 ParOldGen       total 169984K, used 123580K [0x0000000081600000, 0x000000008bc00000, 0x00000000d5d00000)
  object space 169984K, 72% used [0x0000000081600000,0x0000000088eaf180,0x000000008bc00000)
 Metaspace       used 9256K, capacity 9478K, committed 9600K, reserved 1058816K
  class space    used 1064K, capacity 1134K, committed 1152K, reserved 1048576K
Event: 1.276 GC heap after
Heap after GC invocations=7 (full 3):
 PSYoungGen      total 119808K, used 0K [0x00000000d5d00000, 0x00000000de100000, 0x0000000100000000)
  eden space 114688K, 0% used [0x00000000d5d00000,0x00000000d5d00000,0x00000000dcd00000)
  from space 5120K, 0% used [0x00000000ddc00000,0x00000000ddc00000,0x00000000de100000)
  to   space 5120K, 0% used [0x00000000dd700000,0x00000000dd700000,0x00000000ddc00000)
 ParOldGen       total 228864K, used 87927K [0x0000000081600000, 0x000000008f580000, 0x00000000d5d00000)
  object space 228864K, 38% used [0x0000000081600000,0x0000000086bddf70,0x000000008f580000)
 Metaspace       used 9256K, capacity 9478K, committed 9600K, reserved 1058816K
  class space    used 1064K, capacity 1134K, committed 1152K, reserved 1048576K
}

Deoptimization events (10 events):
Event: 1.309 Thread 0x00000190680d3800 Uncommon trap: reason=unstable_if action=reinterpret pc=0x00000190515fbd84 method=sun.awt.image.ImageRepresentation.setPixels(IIIILjava/awt/image/ColorModel;[III)V @ 8
Event: 1.321 Thread 0x00000190680d3800 Uncommon trap: reason=class_check action=maybe_recompile pc=0x00000190515f2f7c method=sun.awt.image.ImageDecoder.setPixels(IIIILjava/awt/image/ColorModel;[III)I @ 44
Event: 1.433 Thread 0x0000019068694000 Uncommon trap: reason=unstable_if action=reinterpret pc=0x000001905164e14c method=java.awt.image.AreaAveragingScaleFilter.calcRow()[I @ 16
Event: 1.433 Thread 0x0000019068694000 Uncommon trap: reason=unstable_if action=reinterpret pc=0x0000019051632054 method=sun.awt.image.IntegerInterleavedRaster.getDataElements(IILjava/lang/Object;)Ljava/lang/Object; @ 43
Event: 1.434 Thread 0x0000019068694000 Uncommon trap: reason=unstable_if action=reinterpret pc=0x000001905163f2ac method=sun.awt.image.ImageRepresentation.convertToRGB()V @ 145
Event: 1.468 Thread 0x0000019068694000 Uncommon trap: reason=unstable_if action=reinterpret pc=0x000001905162de78 method=java.lang.Math.round(F)I @ 23
Event: 1.476 Thread 0x0000019068694000 Uncommon trap: reason=unstable_if action=reinterpret pc=0x000001905165e164 method=java.lang.Math.round(F)I @ 23
Event: 1.671 Thread 0x000001904f9f9800 Uncommon trap: reason=unstable_if action=reinterpret pc=0x000001905152750c method=org.eclipse.jdt.launching.internal.org.objectweb.asm.ClassReader.readUtf(II[C)Ljava/lang/String; @ 69
Event: 1.701 Thread 0x000001904f9f9800 Uncommon trap: reason=unstable_if action=reinterpret pc=0x00000190516089d8 method=java.io.BufferedInputStream.read1([BII)I @ 22
Event: 1.702 Thread 0x000001904f9f9800 Uncommon trap: reason=unstable_if action=reinterpret pc=0x0000019051601054 method=java.io.BufferedInputStream.read1([BII)I @ 22

Classes redefined (10 events):
Event: 487.877 Thread 0x0000019066531800 redefined class name=ui.tabs.WeatherTab$CategorySelector, count=3
Event: 487.879 Thread 0x0000019066531800 redefined class name=ui.tabs.WeatherTab, count=3
Event: 500.575 Thread 0x0000019066531800 redefined class name=ui.tabs.WeatherTab$CategorySelector, count=4
Event: 500.577 Thread 0x0000019066531800 redefined class name=ui.tabs.WeatherTab, count=4
Event: 602.228 Thread 0x0000019066531800 redefined class name=ui.tabs.WeatherTab$CategorySelector, count=5
Event: 602.231 Thread 0x0000019066531800 redefined class name=ui.tabs.WeatherTab, count=5
Event: 628.235 Thread 0x0000019066531800 redefined class name=ui.tabs.WeatherTab$CategorySelector, count=6
Event: 628.238 Thread 0x0000019066531800 redefined class name=ui.tabs.WeatherTab, count=6
Event: 704.306 Thread 0x0000019066531800 redefined class name=ui.tabs.WeatherTab$CategorySelector, count=7
Event: 704.309 Thread 0x0000019066531800 redefined class name=ui.tabs.WeatherTab, count=7

Internal exceptions (10 events):
Event: 0.984 Thread 0x0000019068694000 Exception <a 'java/io/FileNotFoundException'> (0x00000000d89e6420) thrown at [C:\jenkins\workspace\8-2-build-windows-amd64-cygwin\jdk8u281\880\hotspot\src\share\vm\prims\jni.cpp, line 710]
Event: 0.985 Thread 0x00000190680d3800 Exception <a 'java/io/FileNotFoundException'> (0x00000000d817f6a8) thrown at [C:\jenkins\workspace\8-2-build-windows-amd64-cygwin\jdk8u281\880\hotspot\src\share\vm\prims\jni.cpp, line 710]
Event: 0.985 Thread 0x0000019068694000 Exception <a 'java/io/FileNotFoundException'> (0x00000000d89e6b00) thrown at [C:\jenkins\workspace\8-2-build-windows-amd64-cygwin\jdk8u281\880\hotspot\src\share\vm\prims\jni.cpp, line 710]
Event: 0.985 Thread 0x00000190680d3800 Exception <a 'java/io/FileNotFoundException'> (0x00000000d817fd88) thrown at [C:\jenkins\workspace\8-2-build-windows-amd64-cygwin\jdk8u281\880\hotspot\src\share\vm\prims\jni.cpp, line 710]
Event: 0.986 Thread 0x0000019068694000 Exception <a 'java/io/FileNotFoundException'> (0x00000000d89e71d8) thrown at [C:\jenkins\workspace\8-2-build-windows-amd64-cygwin\jdk8u281\880\hotspot\src\share\vm\prims\jni.cpp, line 710]
Event: 0.986 Thread 0x00000190680d3800 Exception <a 'java/io/FileNotFoundException'> (0x00000000d8180470) thrown at [C:\jenkins\workspace\8-2-build-windows-amd64-cygwin\jdk8u281\880\hotspot\src\share\vm\prims\jni.cpp, line 710]
Event: 1.433 Thread 0x0000019068694000 Implicit null exception at 0x000001905164d3c0 to 0x000001905164e135
Event: 1.433 Thread 0x0000019068694000 Implicit null exception at 0x0000019051631dfd to 0x0000019051632039
Event: 2.529 Thread 0x000001904f9f9800 Exception <a 'java/io/FileNotFoundException'> (0x00000000d732cce0) thrown at [C:\jenkins\workspace\8-2-build-windows-amd64-cygwin\jdk8u281\880\hotspot\src\share\vm\prims\jni.cpp, line 710]
Event: 2.529 Thread 0x000001904f9f9800 Exception <a 'java/lang/NullPointerException'> (0x00000000d732d388) thrown at [C:\jenkins\workspace\8-2-build-windows-amd64-cygwin\jdk8u281\880\hotspot\src\share\vm\interpreter\linkResolver.cpp, line 1185]

Events (10 events):
Event: 1177.700 Executing VM operation: GetCurrentContendedMonitor
Event: 1177.700 Executing VM operation: GetCurrentContendedMonitor done
Event: 1177.700 Executing VM operation: GetOwnedMonitorInfo
Event: 1177.700 Executing VM operation: GetOwnedMonitorInfo done
Event: 1200.796 Executing VM operation: GetOwnedMonitorInfo
Event: 1200.796 Executing VM operation: GetOwnedMonitorInfo done
Event: 1200.796 Executing VM operation: GetCurrentContendedMonitor
Event: 1200.796 Executing VM operation: GetCurrentContendedMonitor done
Event: 1235.358 Thread 0x0000019067c20800 DEOPT PACKING pc=0x0000019051538e4f sp=0x0000002b788fd9b0
Event: 1235.358 Thread 0x0000019067c20800 DEOPT UNPACKING pc=0x00000190513f7898 sp=0x0000002b788fd9a8 mode 0


Dynamic libraries:
0x00007ff7cdcc0000 - 0x00007ff7cdd07000 	C:\Program Files\Java\jre1.8.0_281\bin\javaw.exe
0x00007ffeb9250000 - 0x00007ffeb9445000 	C:\WINDOWS\SYSTEM32\ntdll.dll
0x00007ffeb7bb0000 - 0x00007ffeb7c6d000 	C:\WINDOWS\System32\KERNEL32.DLL
0x00007ffeb6cb0000 - 0x00007ffeb6f7d000 	C:\WINDOWS\System32\KERNELBASE.dll
0x00007ffeb9010000 - 0x00007ffeb90be000 	C:\WINDOWS\System32\ADVAPI32.dll
0x00007ffeb8690000 - 0x00007ffeb872e000 	C:\WINDOWS\System32\msvcrt.dll
0x00007ffeb7ce0000 - 0x00007ffeb7d7c000 	C:\WINDOWS\System32\sechost.dll
0x00007ffeb7470000 - 0x00007ffeb7595000 	C:\WINDOWS\System32\RPCRT4.dll
0x00007ffeb8e70000 - 0x00007ffeb9010000 	C:\WINDOWS\System32\USER32.dll
0x00007ffeb6a20000 - 0x00007ffeb6a42000 	C:\WINDOWS\System32\win32u.dll
0x00007ffeb73e0000 - 0x00007ffeb740a000 	C:\WINDOWS\System32\GDI32.dll
0x00007ffeb6a50000 - 0x00007ffeb6b5b000 	C:\WINDOWS\System32\gdi32full.dll
0x00007ffeb6f80000 - 0x00007ffeb701d000 	C:\WINDOWS\System32\msvcp_win.dll
0x00007ffeb6b60000 - 0x00007ffeb6c60000 	C:\WINDOWS\System32\ucrtbase.dll
0x00007ffea7150000 - 0x00007ffea73ea000 	C:\WINDOWS\WinSxS\amd64_microsoft.windows.common-controls_6595b64144ccf1df_6.0.19041.1110_none_60b5254171f9507e\COMCTL32.dll
0x00007ffeb7f10000 - 0x00007ffeb7f40000 	C:\WINDOWS\System32\IMM32.DLL
0x00007ffead890000 - 0x00007ffead8a5000 	C:\Program Files\Java\jre1.8.0_281\bin\vcruntime140.dll
0x00007ffe83940000 - 0x00007ffe839db000 	C:\Program Files\Java\jre1.8.0_281\bin\msvcp140.dll
0x00000000661b0000 - 0x0000000066a0f000 	C:\Program Files\Java\jre1.8.0_281\bin\server\jvm.dll
0x00007ffeb73d0000 - 0x00007ffeb73d8000 	C:\WINDOWS\System32\PSAPI.DLL
0x00007ffea3800000 - 0x00007ffea3809000 	C:\WINDOWS\SYSTEM32\WSOCK32.dll
0x00007ffeb7c70000 - 0x00007ffeb7cdb000 	C:\WINDOWS\System32\WS2_32.dll
0x00007ffeac1a0000 - 0x00007ffeac1c7000 	C:\WINDOWS\SYSTEM32\WINMM.dll
0x00007ffead590000 - 0x00007ffead59a000 	C:\WINDOWS\SYSTEM32\VERSION.dll
0x00007ffeb5240000 - 0x00007ffeb5252000 	C:\WINDOWS\SYSTEM32\kernel.appcore.dll
0x00007ffe9e360000 - 0x00007ffe9e370000 	C:\Program Files\Java\jre1.8.0_281\bin\verify.dll
0x00007ffe84ad0000 - 0x00007ffe84afb000 	C:\Program Files\Java\jre1.8.0_281\bin\java.dll
0x00007ffe95c70000 - 0x00007ffe95ca6000 	C:\Program Files\Java\jre1.8.0_281\bin\jdwp.dll
0x00007ffeb3ca0000 - 0x00007ffeb3ca9000 	C:\Program Files\Java\jre1.8.0_281\bin\npt.dll
0x00007ffe927f0000 - 0x00007ffe92820000 	C:\Program Files\Java\jre1.8.0_281\bin\instrument.dll
0x00007ffe93020000 - 0x00007ffe93038000 	C:\Program Files\Java\jre1.8.0_281\bin\zip.dll
0x00007ffeb7f40000 - 0x00007ffeb8684000 	C:\WINDOWS\System32\SHELL32.dll
0x00007ffeb4750000 - 0x00007ffeb4ee4000 	C:\WINDOWS\SYSTEM32\windows.storage.dll
0x00007ffeb87e0000 - 0x00007ffeb8b34000 	C:\WINDOWS\System32\combase.dll
0x00007ffeb63c0000 - 0x00007ffeb63ec000 	C:\WINDOWS\SYSTEM32\Wldp.dll
0x00007ffeb8730000 - 0x00007ffeb87dd000 	C:\WINDOWS\System32\SHCORE.dll
0x00007ffeb76d0000 - 0x00007ffeb7725000 	C:\WINDOWS\System32\shlwapi.dll
0x00007ffeb68a0000 - 0x00007ffeb68bf000 	C:\WINDOWS\SYSTEM32\profapi.dll
0x00007ffeb0e40000 - 0x00007ffeb0e4a000 	C:\Program Files\Java\jre1.8.0_281\bin\dt_socket.dll
0x00007ffe94450000 - 0x00007ffe94467000 	C:\WINDOWS\system32\napinsp.dll
0x00007ffe94430000 - 0x00007ffe9444b000 	C:\WINDOWS\system32\pnrpnsp.dll
0x00007ffeb1840000 - 0x00007ffeb1855000 	C:\WINDOWS\system32\wshbth.dll
0x00007ffeb1940000 - 0x00007ffeb195d000 	C:\WINDOWS\system32\NLAapi.dll
0x00007ffeb5d40000 - 0x00007ffeb5d7b000 	C:\WINDOWS\SYSTEM32\IPHLPAPI.DLL
0x00007ffeb60b0000 - 0x00007ffeb611a000 	C:\WINDOWS\System32\mswsock.dll
0x00007ffeb5d80000 - 0x00007ffeb5e4b000 	C:\WINDOWS\SYSTEM32\DNSAPI.dll
0x00007ffeb8cb0000 - 0x00007ffeb8cb8000 	C:\WINDOWS\System32\NSI.dll
0x00007ffe94410000 - 0x00007ffe94422000 	C:\WINDOWS\System32\winrnr.dll
0x00007ffea9880000 - 0x00007ffea9900000 	C:\WINDOWS\System32\fwpuclnt.dll
0x00007ffeb6960000 - 0x00007ffeb6987000 	C:\WINDOWS\System32\bcrypt.dll
0x00007ffeae800000 - 0x00007ffeae80a000 	C:\Windows\System32\rasadhlp.dll
0x00007ffe68ee0000 - 0x00007ffe69075000 	C:\Program Files\Java\jre1.8.0_281\bin\awt.dll
0x00007ffeb90c0000 - 0x00007ffeb918d000 	C:\WINDOWS\System32\OLEAUT32.dll
0x00007ffeb3cc0000 - 0x00007ffeb3d50000 	C:\WINDOWS\SYSTEM32\apphelp.dll
0x00007ffeb42d0000 - 0x00007ffeb42ff000 	C:\WINDOWS\system32\DWMAPI.DLL
0x00007ffeb3fd0000 - 0x00007ffeb406e000 	C:\WINDOWS\system32\uxtheme.dll
0x00007ffe93ee0000 - 0x00007ffe94006000 	C:\WINDOWS\system32\opengl32.dll
0x00007ffe93db0000 - 0x00007ffe93ddc000 	C:\WINDOWS\SYSTEM32\GLU32.dll
0x00007ffeb75b0000 - 0x00007ffeb76c5000 	C:\WINDOWS\System32\MSCTF.dll
0x00007ffeb7de0000 - 0x00007ffeb7f0a000 	C:\WINDOWS\System32\ole32.dll
0x00007ffeb6990000 - 0x00007ffeb6a12000 	C:\WINDOWS\System32\bcryptPrimitives.dll
0x00007ffe95c10000 - 0x00007ffe95c42000 	C:\Program Files\Java\jre1.8.0_281\bin\jpeg.dll
0x00007ffe88f80000 - 0x00007ffe88f9c000 	C:\Program Files\Java\jre1.8.0_281\bin\net.dll
0x00007ffe923b0000 - 0x00007ffe923f9000 	C:\Program Files\Java\jre1.8.0_281\bin\fontmanager.dll

VM Arguments:
jvm_args: -agentlib:jdwp=transport=dt_socket,suspend=y,address=localhost:1075 -javaagent:D:\kali\eclipse-jee-2019-06-R-win32-x86_64\eclipse\configuration\org.eclipse.osgi\411\0\.cp\lib\javaagent-shaded.jar -Dfile.encoding=UTF-8 
java_command: ui.OCafe
java_class_path (initial): C:\Users\eunwook\git\ocafeproject6\bin;C:\Users\eunwook\git\ocafeproject6\lib\apiguardian-api-1.0.0.jar;C:\Users\eunwook\git\ocafeproject6\lib\json-20200518.jar;C:\Users\eunwook\git\ocafeproject6\lib\junit-jupiter-5.4.2.jar;C:\Users\eunwook\git\ocafeproject6\lib\junit-jupiter-api-5.4.2.jar;C:\Users\eunwook\git\ocafeproject6\lib\junit-jupiter-engine-5.4.2.jar;C:\Users\eunwook\git\ocafeproject6\lib\junit-jupiter-params-5.4.2.jar;C:\Users\eunwook\git\ocafeproject6\lib\junit-platform-commons-1.4.2.jar;C:\Users\eunwook\git\ocafeproject6\lib\junit-platform-engine-1.4.2.jar;C:\Users\eunwook\git\ocafeproject6\lib\opentest4j-1.1.1.jar;C:\Users\eunwook\git\ocafeproject6\out\artifacts\OCafe_jar\OCafe.jar;D:\kali\json-simple-1.1.1.jar.zip;D:\kali\eclipse-jee-2019-06-R-win32-x86_64\eclipse\configuration\org.eclipse.osgi\411\0\.cp\lib\javaagent-shaded.jar
Launcher Type: SUN_STANDARD

Environment Variables:
JAVA_HOME=C:\Program Files\java\jdk1.8.0_281
PATH=C:/Program Files/Java/jre1.8.0_281/bin/server;C:/Program Files/Java/jre1.8.0_281/bin;C:/Program Files/Java/jre1.8.0_281/lib/amd64;C:\Program Files (x86)\Common Files\Oracle\Java\javapath;C:\Program Files (x86)\VMware\VMware Player\bin\;C:\APM_Setup\Server\PHP5;C:\WINDOWS\system32;C:\WINDOWS;C:\WINDOWS\System32\Wbem;C:\WINDOWS\System32\WindowsPowerShell\v1.0\;C:\WINDOWS\System32\OpenSSH\;C:\Users\eunwook\miniconda3;C:\Users\eunwook\miniconda3\condabin;C:\Users\eunwook\miniconda3\Library\bin;C:\Users\eunwook\miniconda3\Scripts;C:\Program Files\dotnet\;C:\Program Files\Microsoft SQL Server\130\Tools\Binn\;C:\Program Files\java\jdk1.8.0_281\bin;C:\Users\eunwook\AppData\Local\Microsoft\WindowsApps;C:\Users\eunwook\AppData\Local\Programs\Microsoft VS Code\bin;D:\kali\eclipse-jee-2019-06-R-win32-x86_64\eclipse;
USERNAME=eunwook
OS=Windows_NT
PROCESSOR_IDENTIFIER=Intel64 Family 6 Model 142 Stepping 10, GenuineIntel



---------------  S Y S T E M  ---------------

OS: Windows 10.0 , 64 bit Build 19041 (10.0.19041.1706)

CPU:total 8 (initial active 8) (4 cores per cpu, 2 threads per core) family 6 model 142 stepping 10, cmov, cx8, fxsr, mmx, sse, sse2, sse3, ssse3, sse4.1, sse4.2, popcnt, avx, avx2, aes, clmul, erms, 3dnowpref, lzcnt, ht, tsc, tscinvbit, bmi1, bmi2, adx

Memory: 4k page, physical 8295652k(354720k free), swap 22004832k(564k free)

vm_info: Java HotSpot(TM) 64-Bit Server VM (25.281-b09) for windows-amd64 JRE (1.8.0_281-b09), built on Dec  9 2020 13:54:07 by "" with MS VC++ 15.9 (VS2017)

time: Tue May 24 20:54:21 2022
timezone: 대한민국 표준시
elapsed time: 1235.983765 seconds (0d 0h 20m 35s)

