#
# There is insufficient memory for the Java Runtime Environment to continue.
# Native memory allocation (malloc) failed to allocate 166736 bytes for Chunk::new
# Possible reasons:
#   The system is out of physical RAM or swap space
#   The process is running with CompressedOops enabled, and the Java Heap may be blocking the growth of the native heap
# Possible solutions:
#   Reduce memory load on the system
#   Increase physical memory or swap space
#   Check if swap backing store is full
#   Decrease Java heap size (-Xmx/-Xms)
#   Decrease number of Java threads
#   Decrease Java thread stack sizes (-Xss)
#   Set larger code cache with -XX:ReservedCodeCacheSize=
#   JVM is running with Unscaled Compressed Oops mode in which the Java heap is
#     placed in the first 4GB address space. The Java Heap base address is the
#     maximum limit for the native heap growth. Please use -XX:HeapBaseMinAddress
#     to set the Java Heap base and to place the Java Heap above 4GB virtual address.
# This output file may be truncated or incomplete.
#
#  Out of Memory Error (allocation.cpp:389), pid=3152, tid=0x0000000000000f70
#
# JRE version: Java(TM) SE Runtime Environment (8.0_281-b09) (build 1.8.0_281-b09)
# Java VM: Java HotSpot(TM) 64-Bit Server VM (25.281-b09 mixed mode windows-amd64 compressed oops)
# Failed to write core dump. Minidumps are not enabled by default on client versions of Windows
#

---------------  T H R E A D  ---------------

Current thread (0x00000222119e5800):  JavaThread "C2 CompilerThread1" daemon [_thread_in_native, id=3952, stack(0x0000004d08f00000,0x0000004d09000000)]

Stack: [0x0000004d08f00000,0x0000004d09000000]
Native frames: (J=compiled Java code, j=interpreted, Vv=VM code, C=native code)
V  [jvm.dll+0x32e5b9]
V  [jvm.dll+0x275012]
V  [jvm.dll+0x275cbd]
V  [jvm.dll+0x26c6f5]
V  [jvm.dll+0xd51fc]
V  [jvm.dll+0xd59fc]
V  [jvm.dll+0x46f8c3]
V  [jvm.dll+0x4373e0]
V  [jvm.dll+0x4403d5]
V  [jvm.dll+0x43f795]
V  [jvm.dll+0x42a5e7]
V  [jvm.dll+0xabe9b]
V  [jvm.dll+0xaa4fb]
V  [jvm.dll+0x23d6b2]
V  [jvm.dll+0x291cbc]
C  [ucrtbase.dll+0x21bb2]
C  [KERNEL32.DLL+0x17034]
C  [ntdll.dll+0x52651]


Current CompileTask:
C2:    499  178       4       org.eclipse.jdt.launching.internal.org.objectweb.asm.ClassReader::readUTF8 (23 bytes)


---------------  P R O C E S S  ---------------

Java Threads: ( => current thread )
  0x00000222119dd000 JavaThread "Service Thread" daemon [_thread_blocked, id=25672, stack(0x0000004d09200000,0x0000004d09300000)]
  0x00000222119f3000 JavaThread "C1 CompilerThread3" daemon [_thread_in_native, id=23860, stack(0x0000004d09100000,0x0000004d09200000)]
  0x00000222119e8800 JavaThread "C2 CompilerThread2" daemon [_thread_blocked, id=9144, stack(0x0000004d09000000,0x0000004d09100000)]
=>0x00000222119e5800 JavaThread "C2 CompilerThread1" daemon [_thread_in_native, id=3952, stack(0x0000004d08f00000,0x0000004d09000000)]
  0x00000222119e2000 JavaThread "C2 CompilerThread0" daemon [_thread_blocked, id=22612, stack(0x0000004d08e00000,0x0000004d08f00000)]
  0x00000222118e7800 JavaThread "JDWP Command Reader" daemon [_thread_in_native, id=19488, stack(0x0000004d08d00000,0x0000004d08e00000)]
  0x00000222118e6800 JavaThread "JDWP Event Helper Thread" daemon [_thread_blocked, id=20856, stack(0x0000004d08c00000,0x0000004d08d00000)]
  0x000002221038d000 JavaThread "JDWP Transport Listener: dt_socket" daemon [_thread_blocked, id=23856, stack(0x0000004d08b00000,0x0000004d08c00000)]
  0x0000022210366000 JavaThread "Attach Listener" daemon [_thread_blocked, id=11616, stack(0x0000004d08a00000,0x0000004d08b00000)]
  0x0000022210365800 JavaThread "Signal Dispatcher" daemon [_thread_blocked, id=23208, stack(0x0000004d08900000,0x0000004d08a00000)]
  0x00000222102ec800 JavaThread "Finalizer" daemon [_thread_blocked, id=22184, stack(0x0000004d08800000,0x0000004d08900000)]
  0x00000222102bc800 JavaThread "Reference Handler" daemon [_thread_blocked, id=25852, stack(0x0000004d08700000,0x0000004d08800000)]
  0x0000022279538800 JavaThread "main" [_thread_in_Java, id=26356, stack(0x0000004d07d00000,0x0000004d07e00000)]

Other Threads:
  0x00000222102b3800 VMThread [stack: 0x0000004d08600000,0x0000004d08700000] [id=14544]
  0x0000022211b25000 WatcherThread [stack: 0x0000004d09300000,0x0000004d09400000] [id=27296]

VM state:not at safepoint (normal execution)

VM Mutex/Monitor currently owned by a thread: None

heap address: 0x0000000081600000, size: 2026 MB, Compressed Oops mode: 32-bit
Narrow klass base: 0x0000000000000000, Narrow klass shift: 3
Compressed class space size: 1073741824 Address: 0x0000000100000000

Heap:
 PSYoungGen      total 38400K, used 10061K [0x00000000d5d00000, 0x00000000d8780000, 0x0000000100000000)
  eden space 33280K, 30% used [0x00000000d5d00000,0x00000000d66d3718,0x00000000d7d80000)
  from space 5120K, 0% used [0x00000000d8280000,0x00000000d8280000,0x00000000d8780000)
  to   space 5120K, 0% used [0x00000000d7d80000,0x00000000d7d80000,0x00000000d8280000)
 ParOldGen       total 87552K, used 0K [0x0000000081600000, 0x0000000086b80000, 0x00000000d5d00000)
  object space 87552K, 0% used [0x0000000081600000,0x0000000081600000,0x0000000086b80000)
 Metaspace       used 6495K, capacity 6648K, committed 6784K, reserved 1056768K
  class space    used 731K, capacity 788K, committed 896K, reserved 1048576K

Card table byte_map: [0x000002227b2e0000,0x000002227b6e0000] byte_map_base: 0x000002227aed5000

Marking Bits: (ParMarkBitMap*) 0x0000000066976ff0
 Begin Bits: [0x000002227b990000, 0x000002227d938000)
 End Bits:   [0x000002227d938000, 0x000002227f8e0000)

Polling page: 0x000002227aef0000

CodeCache: size=245760Kb used=1516Kb max_used=1516Kb free=244243Kb
 bounds [0x0000022200000000, 0x0000022200270000, 0x000002220f000000]
 total_blobs=529 nmethods=219 adapters=231
 compilation: enabled

Compilation events (10 events):
Event: 0.435 Thread 0x00000222119f3000  169  s    3       java.lang.StringBuffer::append (13 bytes)
Event: 0.435 Thread 0x00000222119f3000 nmethod 169 0x0000022200171790 code [0x0000022200171900, 0x0000022200171c30]
Event: 0.436 Thread 0x00000222119e2000  171       4       org.eclipse.jdt.launching.internal.org.objectweb.asm.ClassReader::readUtf (161 bytes)
Event: 0.436 Thread 0x00000222119f3000  170       3       org.eclipse.jdt.launching.internal.org.objectweb.asm.ClassReader::readCode (5089 bytes)
Event: 0.436 Thread 0x00000222119e5800  173       4       org.eclipse.jdt.launching.internal.org.objectweb.asm.ByteVector::putUTF8 (144 bytes)
Event: 0.437 Thread 0x00000222119e8800  177       4       org.eclipse.jdt.launching.internal.org.objectweb.asm.ClassReader::readUtf (44 bytes)
Event: 0.443 Thread 0x00000222119e5800 nmethod 173 0x0000022200175250 code [0x00000222001753c0, 0x0000022200175aa8]
Event: 0.443 Thread 0x00000222119e5800  178       4       org.eclipse.jdt.launching.internal.org.objectweb.asm.ClassReader::readUTF8 (23 bytes)
Event: 0.446 Thread 0x00000222119e2000 nmethod 171 0x0000022200172c10 code [0x0000022200172d80, 0x0000022200173798]
Event: 0.451 Thread 0x00000222119e8800 nmethod 177 0x0000022200176710 code [0x00000222001768a0, 0x0000022200177698]

GC Heap History (0 events):
No events

Deoptimization events (0 events):
No events

Classes redefined (0 events):
No events

Internal exceptions (7 events):
Event: 0.048 Thread 0x0000022279538800 Exception <a 'java/lang/NoSuchMethodError': Method sun.misc.Unsafe.defineClass(Ljava/lang/String;[BII)Ljava/lang/Class; name or signature does not match> (0x00000000d5d07cc0) thrown at [C:\jenkins\workspace\8-2-build-windows-amd64-cygwin\jdk8u281\880\hots
Event: 0.048 Thread 0x0000022279538800 Exception <a 'java/lang/NoSuchMethodError': Method sun.misc.Unsafe.prefetchRead(Ljava/lang/Object;J)V name or signature does not match> (0x00000000d5d07fa8) thrown at [C:\jenkins\workspace\8-2-build-windows-amd64-cygwin\jdk8u281\880\hotspot\src\share\vm\p
Event: 0.444 Thread 0x0000022279538800 Exception <a 'java/security/PrivilegedActionException'> (0x00000000d64a9a48) thrown at [C:\jenkins\workspace\8-2-build-windows-amd64-cygwin\jdk8u281\880\hotspot\src\share\vm\prims\jvm.cpp, line 1512]
Event: 0.444 Thread 0x0000022279538800 Exception <a 'java/security/PrivilegedActionException'> (0x00000000d64a9c58) thrown at [C:\jenkins\workspace\8-2-build-windows-amd64-cygwin\jdk8u281\880\hotspot\src\share\vm\prims\jvm.cpp, line 1512]
Event: 0.445 Thread 0x0000022279538800 Exception <a 'java/security/PrivilegedActionException'> (0x00000000d64ad8c8) thrown at [C:\jenkins\workspace\8-2-build-windows-amd64-cygwin\jdk8u281\880\hotspot\src\share\vm\prims\jvm.cpp, line 1512]
Event: 0.445 Thread 0x0000022279538800 Exception <a 'java/security/PrivilegedActionException'> (0x00000000d64adad8) thrown at [C:\jenkins\workspace\8-2-build-windows-amd64-cygwin\jdk8u281\880\hotspot\src\share\vm\prims\jvm.cpp, line 1512]
Event: 0.452 Thread 0x0000022279538800 Exception <a 'java/io/FileNotFoundException'> (0x00000000d64bad58) thrown at [C:\jenkins\workspace\8-2-build-windows-amd64-cygwin\jdk8u281\880\hotspot\src\share\vm\prims\jni.cpp, line 710]

Events (10 events):
Event: 0.456 loading class sun/invoke/util/ValueConversions
Event: 0.456 loading class sun/invoke/util/ValueConversions done
Event: 0.456 loading class java/lang/NoSuchMethodException
Event: 0.456 loading class java/lang/NoSuchMethodException done
Event: 0.457 loading class java/lang/invoke/LambdaForm$BasicType
Event: 0.457 loading class java/lang/invoke/LambdaForm$BasicType done
Event: 0.457 loading class java/lang/invoke/LambdaForm$Name
Event: 0.457 loading class java/lang/invoke/LambdaForm$Name done
Event: 0.457 loading class java/lang/invoke/LambdaForm$NamedFunction
Event: 0.457 loading class java/lang/invoke/LambdaForm$NamedFunction done


Dynamic libraries:
0x00007ff71ca00000 - 0x00007ff71ca47000 	C:\Program Files\Java\jre1.8.0_281\bin\javaw.exe
0x00007ffeb9250000 - 0x00007ffeb9445000 	C:\WINDOWS\SYSTEM32\ntdll.dll
0x00007ffeb7bb0000 - 0x00007ffeb7c6d000 	C:\WINDOWS\System32\KERNEL32.DLL
0x00007ffeb6cb0000 - 0x00007ffeb6f7d000 	C:\WINDOWS\System32\KERNELBASE.dll
0x00007ffeb9010000 - 0x00007ffeb90be000 	C:\WINDOWS\System32\ADVAPI32.dll
0x00007ffeb8690000 - 0x00007ffeb872e000 	C:\WINDOWS\System32\msvcrt.dll
0x00007ffeb7ce0000 - 0x00007ffeb7d7c000 	C:\WINDOWS\System32\sechost.dll
0x00007ffeb7470000 - 0x00007ffeb7595000 	C:\WINDOWS\System32\RPCRT4.dll
0x00007ffeb8e70000 - 0x00007ffeb9010000 	C:\WINDOWS\System32\USER32.dll
0x00007ffeb6a20000 - 0x00007ffeb6a42000 	C:\WINDOWS\System32\win32u.dll
0x00007ffeb73e0000 - 0x00007ffeb740a000 	C:\WINDOWS\System32\GDI32.dll
0x00007ffeb6a50000 - 0x00007ffeb6b5b000 	C:\WINDOWS\System32\gdi32full.dll
0x00007ffeb6f80000 - 0x00007ffeb701d000 	C:\WINDOWS\System32\msvcp_win.dll
0x00007ffeb6b60000 - 0x00007ffeb6c60000 	C:\WINDOWS\System32\ucrtbase.dll
0x00007ffea7150000 - 0x00007ffea73ea000 	C:\WINDOWS\WinSxS\amd64_microsoft.windows.common-controls_6595b64144ccf1df_6.0.19041.1110_none_60b5254171f9507e\COMCTL32.dll
0x00007ffeb7f10000 - 0x00007ffeb7f40000 	C:\WINDOWS\System32\IMM32.DLL
0x00007ffeb1c50000 - 0x00007ffeb1c65000 	C:\Program Files\Java\jre1.8.0_281\bin\vcruntime140.dll
0x00007ffe92b80000 - 0x00007ffe92c1b000 	C:\Program Files\Java\jre1.8.0_281\bin\msvcp140.dll
0x0000000066190000 - 0x00000000669ef000 	C:\Program Files\Java\jre1.8.0_281\bin\server\jvm.dll
0x00007ffeb73d0000 - 0x00007ffeb73d8000 	C:\WINDOWS\System32\PSAPI.DLL
0x00007ffea3800000 - 0x00007ffea3809000 	C:\WINDOWS\SYSTEM32\WSOCK32.dll
0x00007ffeac1a0000 - 0x00007ffeac1c7000 	C:\WINDOWS\SYSTEM32\WINMM.dll
0x00007ffeb7c70000 - 0x00007ffeb7cdb000 	C:\WINDOWS\System32\WS2_32.dll
0x00007ffead590000 - 0x00007ffead59a000 	C:\WINDOWS\SYSTEM32\VERSION.dll
0x00007ffeb5240000 - 0x00007ffeb5252000 	C:\WINDOWS\SYSTEM32\kernel.appcore.dll
0x00007ffeb3c90000 - 0x00007ffeb3ca0000 	C:\Program Files\Java\jre1.8.0_281\bin\verify.dll
0x00007ffe9e2b0000 - 0x00007ffe9e2db000 	C:\Program Files\Java\jre1.8.0_281\bin\java.dll
0x00007ffe93c30000 - 0x00007ffe93c66000 	C:\Program Files\Java\jre1.8.0_281\bin\jdwp.dll
0x00007ffeb1e20000 - 0x00007ffeb1e29000 	C:\Program Files\Java\jre1.8.0_281\bin\npt.dll
0x00007ffe95aa0000 - 0x00007ffe95ad0000 	C:\Program Files\Java\jre1.8.0_281\bin\instrument.dll
0x00007ffeb3c00000 - 0x00007ffeb3c18000 	C:\Program Files\Java\jre1.8.0_281\bin\zip.dll
0x00007ffeb7f40000 - 0x00007ffeb8684000 	C:\WINDOWS\System32\SHELL32.dll
0x00007ffeb4750000 - 0x00007ffeb4ee4000 	C:\WINDOWS\SYSTEM32\windows.storage.dll
0x00007ffeb87e0000 - 0x00007ffeb8b34000 	C:\WINDOWS\System32\combase.dll
0x00007ffeb63c0000 - 0x00007ffeb63ec000 	C:\WINDOWS\SYSTEM32\Wldp.dll
0x00007ffeb8730000 - 0x00007ffeb87dd000 	C:\WINDOWS\System32\SHCORE.dll
0x00007ffeb76d0000 - 0x00007ffeb7725000 	C:\WINDOWS\System32\shlwapi.dll
0x00007ffeb68a0000 - 0x00007ffeb68bf000 	C:\WINDOWS\SYSTEM32\profapi.dll
0x00007ffeb1c40000 - 0x00007ffeb1c4a000 	C:\Program Files\Java\jre1.8.0_281\bin\dt_socket.dll
0x00007ffe94450000 - 0x00007ffe94467000 	C:\WINDOWS\system32\napinsp.dll
0x00007ffe94430000 - 0x00007ffe9444b000 	C:\WINDOWS\system32\pnrpnsp.dll
0x00007ffeb1840000 - 0x00007ffeb1855000 	C:\WINDOWS\system32\wshbth.dll
0x00007ffeb1940000 - 0x00007ffeb195d000 	C:\WINDOWS\system32\NLAapi.dll
0x00007ffeb5d40000 - 0x00007ffeb5d7b000 	C:\WINDOWS\SYSTEM32\IPHLPAPI.DLL
0x00007ffeb60b0000 - 0x00007ffeb611a000 	C:\WINDOWS\System32\mswsock.dll
0x00007ffeb5d80000 - 0x00007ffeb5e4b000 	C:\WINDOWS\SYSTEM32\DNSAPI.dll
0x00007ffeb8cb0000 - 0x00007ffeb8cb8000 	C:\WINDOWS\System32\NSI.dll
0x00007ffe94410000 - 0x00007ffe94422000 	C:\WINDOWS\System32\winrnr.dll
0x00007ffea9880000 - 0x00007ffea9900000 	C:\WINDOWS\System32\fwpuclnt.dll
0x00007ffeb6960000 - 0x00007ffeb6987000 	C:\WINDOWS\System32\bcrypt.dll
0x00007ffeae800000 - 0x00007ffeae80a000 	C:\Windows\System32\rasadhlp.dll
0x00007ffe4d310000 - 0x00007ffe4d4a5000 	C:\Program Files\Java\jre1.8.0_281\bin\awt.dll
0x00007ffeb90c0000 - 0x00007ffeb918d000 	C:\WINDOWS\System32\OLEAUT32.dll
0x00007ffeb3cc0000 - 0x00007ffeb3d50000 	C:\WINDOWS\SYSTEM32\apphelp.dll
0x00007ffeb4ef0000 - 0x00007ffeb50d4000 	C:\WINDOWS\SYSTEM32\dbghelp.dll
0x00007ffeb6990000 - 0x00007ffeb6a12000 	C:\WINDOWS\System32\bcryptPrimitives.dll

VM Arguments:
jvm_args: -agentlib:jdwp=transport=dt_socket,suspend=y,address=localhost:9533 -javaagent:D:\kali\eclipse-jee-2019-06-R-win32-x86_64\eclipse\configuration\org.eclipse.osgi\411\0\.cp\lib\javaagent-shaded.jar -Dfile.encoding=UTF-8 
java_command: ui.OCafe
java_class_path (initial): C:\Users\eunwook\git\ocafeproject6\bin;C:\Users\eunwook\git\ocafeproject6\lib\apiguardian-api-1.0.0.jar;C:\Users\eunwook\git\ocafeproject6\lib\json-20200518.jar;C:\Users\eunwook\git\ocafeproject6\lib\junit-jupiter-5.4.2.jar;C:\Users\eunwook\git\ocafeproject6\lib\junit-jupiter-api-5.4.2.jar;C:\Users\eunwook\git\ocafeproject6\lib\junit-jupiter-engine-5.4.2.jar;C:\Users\eunwook\git\ocafeproject6\lib\junit-jupiter-params-5.4.2.jar;C:\Users\eunwook\git\ocafeproject6\lib\junit-platform-commons-1.4.2.jar;C:\Users\eunwook\git\ocafeproject6\lib\junit-platform-engine-1.4.2.jar;C:\Users\eunwook\git\ocafeproject6\lib\opentest4j-1.1.1.jar;C:\Users\eunwook\git\ocafeproject6\out\artifacts\OCafe_jar\OCafe.jar;D:\kali\json-simple-1.1.1.jar.zip;D:\kali\eclipse-jee-2019-06-R-win32-x86_64\eclipse\configuration\org.eclipse.osgi\411\0\.cp\lib\javaagent-shaded.jar
Launcher Type: SUN_STANDARD

Environment Variables:
JAVA_HOME=C:\Program Files\java\jdk1.8.0_281
PATH=C:/Program Files/Java/jre1.8.0_281/bin/server;C:/Program Files/Java/jre1.8.0_281/bin;C:/Program Files/Java/jre1.8.0_281/lib/amd64;C:\Program Files (x86)\Common Files\Oracle\Java\javapath;C:\Program Files (x86)\VMware\VMware Player\bin\;C:\APM_Setup\Server\PHP5;C:\WINDOWS\system32;C:\WINDOWS;C:\WINDOWS\System32\Wbem;C:\WINDOWS\System32\WindowsPowerShell\v1.0\;C:\WINDOWS\System32\OpenSSH\;C:\Users\eunwook\miniconda3;C:\Users\eunwook\miniconda3\condabin;C:\Users\eunwook\miniconda3\Library\bin;C:\Users\eunwook\miniconda3\Scripts;C:\Program Files\dotnet\;C:\Program Files\Microsoft SQL Server\130\Tools\Binn\;C:\Program Files\java\jdk1.8.0_281\bin;C:\Users\eunwook\AppData\Local\Microsoft\WindowsApps;C:\Users\eunwook\AppData\Local\Programs\Microsoft VS Code\bin;D:\kali\eclipse-jee-2019-06-R-win32-x86_64\eclipse;
USERNAME=eunwook
OS=Windows_NT
PROCESSOR_IDENTIFIER=Intel64 Family 6 Model 142 Stepping 10, GenuineIntel



---------------  S Y S T E M  ---------------

OS: Windows 10.0 , 64 bit Build 19041 (10.0.19041.1706)

CPU:total 8 (initial active 8) (4 cores per cpu, 2 threads per core) family 6 model 142 stepping 10, cmov, cx8, fxsr, mmx, sse, sse2, sse3, ssse3, sse4.1, sse4.2, popcnt, avx, avx2, aes, clmul, erms, 3dnowpref, lzcnt, ht, tsc, tscinvbit, bmi1, bmi2, adx

Memory: 4k page, physical 8295652k(708608k free), swap 22004832k(688k free)

vm_info: Java HotSpot(TM) 64-Bit Server VM (25.281-b09) for windows-amd64 JRE (1.8.0_281-b09), built on Dec  9 2020 13:54:07 by "" with MS VC++ 15.9 (VS2017)

time: Thu May 19 23:44:38 2022
timezone: 대한민국 표준시
elapsed time: 0.510223 seconds (0d 0h 0m 0s)

