#
# There is insufficient memory for the Java Runtime Environment to continue.
# Native memory allocation (malloc) failed to allocate 32744 bytes for ChunkPool::allocate
# Possible reasons:
#   The system is out of physical RAM or swap space
#   The process is running with CompressedOops enabled, and the Java Heap may be blocking the growth of the native heap
# Possible solutions:
#   Reduce memory load on the system
#   Increase physical memory or swap space
#   Check if swap backing store is full
#   Decrease Java heap size (-Xmx/-Xms)
#   Decrease number of Java threads
#   Decrease Java thread stack sizes (-Xss)
#   Set larger code cache with -XX:ReservedCodeCacheSize=
#   JVM is running with Unscaled Compressed Oops mode in which the Java heap is
#     placed in the first 4GB address space. The Java Heap base address is the
#     maximum limit for the native heap growth. Please use -XX:HeapBaseMinAddress
#     to set the Java Heap base and to place the Java Heap above 4GB virtual address.
# This output file may be truncated or incomplete.
#
#  Out of Memory Error (allocation.cpp:272), pid=8548, tid=0x0000000000004fa4
#
# JRE version: Java(TM) SE Runtime Environment (8.0_281-b09) (build 1.8.0_281-b09)
# Java VM: Java HotSpot(TM) 64-Bit Server VM (25.281-b09 mixed mode windows-amd64 compressed oops)
# Failed to write core dump. Minidumps are not enabled by default on client versions of Windows
#

---------------  T H R E A D  ---------------

Current thread (0x0000026cc7f30000):  JavaThread "C2 CompilerThread1" daemon [_thread_in_native, id=20388, stack(0x000000edd1d00000,0x000000edd1e00000)]

Stack: [0x000000edd1d00000,0x000000edd1e00000]
Native frames: (J=compiled Java code, j=interpreted, Vv=VM code, C=native code)
V  [jvm.dll+0x32e5b9]


Current CompileTask:
C2: 778204  912       4       org.eclipse.jdt.launching.internal.org.objectweb.asm.ClassReader::readCode (5089 bytes)


---------------  P R O C E S S  ---------------

Java Threads: ( => current thread )
  0x0000026cc8800800 JavaThread "AWT-EventQueue-0" [_thread_blocked, id=26640, stack(0x000000edd2600000,0x000000edd2700000)]
  0x0000026cc89dc800 JavaThread "AWT-Shutdown" [_thread_blocked, id=15596, stack(0x000000edd2300000,0x000000edd2400000)]
  0x0000026cc8abe800 JavaThread "AWT-Windows" daemon [_thread_in_native, id=15552, stack(0x000000edd2400000,0x000000edd2500000)]
  0x0000026cc83c6800 JavaThread "Java2D Disposer" daemon [_thread_blocked, id=27640, stack(0x000000edd2200000,0x000000edd2300000)]
  0x0000026cc7fc9000 JavaThread "Service Thread" daemon [_thread_blocked, id=14360, stack(0x000000edd2000000,0x000000edd2100000)]
  0x0000026cc7f3d800 JavaThread "C1 CompilerThread3" daemon [_thread_blocked, id=17220, stack(0x000000edd1f00000,0x000000edd2000000)]
  0x0000026cc7f35000 JavaThread "C2 CompilerThread2" daemon [_thread_blocked, id=12912, stack(0x000000edd1e00000,0x000000edd1f00000)]
=>0x0000026cc7f30000 JavaThread "C2 CompilerThread1" daemon [_thread_in_native, id=20388, stack(0x000000edd1d00000,0x000000edd1e00000)]
  0x0000026cc7f27000 JavaThread "C2 CompilerThread0" daemon [_thread_blocked, id=20152, stack(0x000000edd1c00000,0x000000edd1d00000)]
  0x0000026cc680e800 JavaThread "JDWP Command Reader" daemon [_thread_in_native, id=20768, stack(0x000000edd1b00000,0x000000edd1c00000)]
  0x0000026cc680d000 JavaThread "JDWP Event Helper Thread" daemon [_thread_blocked, id=24992, stack(0x000000edd1a00000,0x000000edd1b00000)]
  0x0000026cc6805800 JavaThread "JDWP Transport Listener: dt_socket" daemon [_thread_blocked, id=3024, stack(0x000000edd1900000,0x000000edd1a00000)]
  0x0000026cc67de000 JavaThread "Attach Listener" daemon [_thread_blocked, id=16124, stack(0x000000edd1800000,0x000000edd1900000)]
  0x0000026cc67dd800 JavaThread "Signal Dispatcher" daemon [_thread_blocked, id=29916, stack(0x000000edd1700000,0x000000edd1800000)]
  0x0000026cc6762000 JavaThread "Finalizer" daemon [_thread_blocked, id=25944, stack(0x000000edd1600000,0x000000edd1700000)]
  0x0000026cc673a800 JavaThread "Reference Handler" daemon [_thread_blocked, id=1264, stack(0x000000edd1500000,0x000000edd1600000)]
  0x0000026cafb79000 JavaThread "main" [_thread_blocked, id=22036, stack(0x000000edd0b00000,0x000000edd0c00000)]

Other Threads:
  0x0000026cc6730800 VMThread [stack: 0x000000edd1400000,0x000000edd1500000] [id=21356]
  0x0000026cc8054800 WatcherThread [stack: 0x000000edd2100000,0x000000edd2200000] [id=19380]

VM state:not at safepoint (normal execution)

VM Mutex/Monitor currently owned by a thread: None

heap address: 0x0000000081600000, size: 2026 MB, Compressed Oops mode: 32-bit
Narrow klass base: 0x0000000000000000, Narrow klass shift: 3
Compressed class space size: 1073741824 Address: 0x0000000100000000

Heap:
 PSYoungGen      total 68096K, used 37356K [0x00000000d5d00000, 0x00000000e1080000, 0x0000000100000000)
  eden space 62976K, 59% used [0x00000000d5d00000,0x00000000d817b2c0,0x00000000d9a80000)
  from space 5120K, 0% used [0x00000000d9a80000,0x00000000d9a80000,0x00000000d9f80000)
  to   space 45056K, 0% used [0x00000000de480000,0x00000000de480000,0x00000000e1080000)
 ParOldGen       total 206336K, used 83833K [0x0000000081600000, 0x000000008df80000, 0x00000000d5d00000)
  object space 206336K, 40% used [0x0000000081600000,0x00000000867de4b0,0x000000008df80000)
 Metaspace       used 13636K, capacity 13866K, committed 14080K, reserved 1060864K
  class space    used 1622K, capacity 1692K, committed 1792K, reserved 1048576K

Card table byte_map: [0x0000026cc0830000,0x0000026cc0c30000] byte_map_base: 0x0000026cc0425000

Marking Bits: (ParMarkBitMap*) 0x0000000066996ff0
 Begin Bits: [0x0000026cc0ee0000, 0x0000026cc2e88000)
 End Bits:   [0x0000026cc2e88000, 0x0000026cc4e30000)

Polling page: 0x0000026cb1440000

CodeCache: size=245760Kb used=4623Kb max_used=4821Kb free=241136Kb
 bounds [0x0000026cb1470000, 0x0000026cb1930000, 0x0000026cc0470000]
 total_blobs=1392 nmethods=910 adapters=402
 compilation: enabled

Compilation events (10 events):
Event: 468.995 Thread 0x0000026cc7f3d800  898       3       org.eclipse.jdt.launching.internal.org.objectweb.asm.FieldWriter::visitEnd (1 bytes)
Event: 468.995 Thread 0x0000026cc7f3d800 nmethod 898 0x0000026cb1894d50 code [0x0000026cb1894ea0, 0x0000026cb1894ff8]
Event: 468.995 Thread 0x0000026cc7f3d800  906       3       org.eclipse.jdt.launching.internal.org.objectweb.asm.MethodVisitor::<init> (66 bytes)
Event: 468.996 Thread 0x0000026cc7f3d800 nmethod 906 0x0000026cb18a1c50 code [0x0000026cb18a1e40, 0x0000026cb18a27c0]
Event: 469.003 Thread 0x0000026cc7f30000 nmethod 899 0x0000026cb18a65d0 code [0x0000026cb18a6760, 0x0000026cb18a7508]
Event: 469.053 Thread 0x0000026cc7f35000 nmethod 900 0x0000026cb18ac010 code [0x0000026cb18ac260, 0x0000026cb18aed40]
Event: 472.664 Thread 0x0000026cc7f27000 nmethod 904% 0x0000026cb18e2550 code [0x0000026cb18e3100, 0x0000026cb1913b10]
Event: 584.529 Thread 0x0000026cc7f27000  911       4       org.eclipse.jdt.launching.internal.org.objectweb.asm.MethodWriter::visitInsn (115 bytes)
Event: 584.530 Thread 0x0000026cc7f27000 nmethod 911 0x0000026cb18a3250 code [0x0000026cb18a33a0, 0x0000026cb18a35a8]
Event: 777.809 Thread 0x0000026cc7f30000  912       4       org.eclipse.jdt.launching.internal.org.objectweb.asm.ClassReader::readCode (5089 bytes)

GC Heap History (10 events):
Event: 1.591 GC heap before
{Heap before GC invocations=4 (full 1):
 PSYoungGen      total 38400K, used 33280K [0x00000000d5d00000, 0x00000000da800000, 0x0000000100000000)
  eden space 33280K, 100% used [0x00000000d5d00000,0x00000000d7d80000,0x00000000d7d80000)
  from space 5120K, 0% used [0x00000000d8280000,0x00000000d8280000,0x00000000d8780000)
  to   space 5120K, 0% used [0x00000000d7d80000,0x00000000d7d80000,0x00000000d8280000)
 ParOldGen       total 96256K, used 25557K [0x0000000081600000, 0x0000000087400000, 0x00000000d5d00000)
  object space 96256K, 26% used [0x0000000081600000,0x0000000082ef56c0,0x0000000087400000)
 Metaspace       used 9245K, capacity 9414K, committed 9600K, reserved 1058816K
  class space    used 1063K, capacity 1134K, committed 1152K, reserved 1048576K
Event: 1.601 GC heap after
Heap after GC invocations=4 (full 1):
 PSYoungGen      total 38400K, used 4579K [0x00000000d5d00000, 0x00000000da480000, 0x0000000100000000)
  eden space 33280K, 0% used [0x00000000d5d00000,0x00000000d5d00000,0x00000000d7d80000)
  from space 5120K, 89% used [0x00000000d7d80000,0x00000000d81f8d28,0x00000000d8280000)
  to   space 5120K, 0% used [0x00000000d9f80000,0x00000000d9f80000,0x00000000da480000)
 ParOldGen       total 96256K, used 68931K [0x0000000081600000, 0x0000000087400000, 0x00000000d5d00000)
  object space 96256K, 71% used [0x0000000081600000,0x0000000085950c58,0x0000000087400000)
 Metaspace       used 9245K, capacity 9414K, committed 9600K, reserved 1058816K
  class space    used 1063K, capacity 1134K, committed 1152K, reserved 1048576K
}
Event: 1.601 GC heap before
{Heap before GC invocations=5 (full 2):
 PSYoungGen      total 38400K, used 4579K [0x00000000d5d00000, 0x00000000da480000, 0x0000000100000000)
  eden space 33280K, 0% used [0x00000000d5d00000,0x00000000d5d00000,0x00000000d7d80000)
  from space 5120K, 89% used [0x00000000d7d80000,0x00000000d81f8d28,0x00000000d8280000)
  to   space 5120K, 0% used [0x00000000d9f80000,0x00000000d9f80000,0x00000000da480000)
 ParOldGen       total 96256K, used 68931K [0x0000000081600000, 0x0000000087400000, 0x00000000d5d00000)
  object space 96256K, 71% used [0x0000000081600000,0x0000000085950c58,0x0000000087400000)
 Metaspace       used 9245K, capacity 9414K, committed 9600K, reserved 1058816K
  class space    used 1063K, capacity 1134K, committed 1152K, reserved 1048576K
Event: 1.608 GC heap after
Heap after GC invocations=5 (full 2):
 PSYoungGen      total 38400K, used 0K [0x00000000d5d00000, 0x00000000da480000, 0x0000000100000000)
  eden space 33280K, 0% used [0x00000000d5d00000,0x00000000d5d00000,0x00000000d7d80000)
  from space 5120K, 0% used [0x00000000d7d80000,0x00000000d7d80000,0x00000000d8280000)
  to   space 5120K, 0% used [0x00000000d9f80000,0x00000000d9f80000,0x00000000da480000)
 ParOldGen       total 140288K, used 42398K [0x0000000081600000, 0x0000000089f00000, 0x00000000d5d00000)
  object space 140288K, 30% used [0x0000000081600000,0x0000000083f67b30,0x0000000089f00000)
 Metaspace       used 9245K, capacity 9414K, committed 9600K, reserved 1058816K
  class space    used 1063K, capacity 1134K, committed 1152K, reserved 1048576K
}
Event: 1.674 GC heap before
{Heap before GC invocations=6 (full 2):
 PSYoungGen      total 38400K, used 33280K [0x00000000d5d00000, 0x00000000da480000, 0x0000000100000000)
  eden space 33280K, 100% used [0x00000000d5d00000,0x00000000d7d80000,0x00000000d7d80000)
  from space 5120K, 0% used [0x00000000d7d80000,0x00000000d7d80000,0x00000000d8280000)
  to   space 5120K, 0% used [0x00000000d9f80000,0x00000000d9f80000,0x00000000da480000)
 ParOldGen       total 140288K, used 42398K [0x0000000081600000, 0x0000000089f00000, 0x00000000d5d00000)
  object space 140288K, 30% used [0x0000000081600000,0x0000000083f67b30,0x0000000089f00000)
 Metaspace       used 9253K, capacity 9478K, committed 9600K, reserved 1058816K
  class space    used 1064K, capacity 1134K, committed 1152K, reserved 1048576K
Event: 1.683 GC heap after
Heap after GC invocations=6 (full 2):
 PSYoungGen      total 60928K, used 5006K [0x00000000d5d00000, 0x00000000da480000, 0x0000000100000000)
  eden space 55808K, 0% used [0x00000000d5d00000,0x00000000d5d00000,0x00000000d9380000)
  from space 5120K, 97% used [0x00000000d9f80000,0x00000000da463b40,0x00000000da480000)
  to   space 5120K, 0% used [0x00000000d9a80000,0x00000000d9a80000,0x00000000d9f80000)
 ParOldGen       total 140288K, used 73868K [0x0000000081600000, 0x0000000089f00000, 0x00000000d5d00000)
  object space 140288K, 52% used [0x0000000081600000,0x0000000085e23390,0x0000000089f00000)
 Metaspace       used 9253K, capacity 9478K, committed 9600K, reserved 1058816K
  class space    used 1064K, capacity 1134K, committed 1152K, reserved 1048576K
}
Event: 1.856 GC heap before
{Heap before GC invocations=7 (full 2):
 PSYoungGen      total 60928K, used 58675K [0x00000000d5d00000, 0x00000000da480000, 0x0000000100000000)
  eden space 55808K, 96% used [0x00000000d5d00000,0x00000000d91690e0,0x00000000d9380000)
  from space 5120K, 97% used [0x00000000d9f80000,0x00000000da463b40,0x00000000da480000)
  to   space 5120K, 0% used [0x00000000d9a80000,0x00000000d9a80000,0x00000000d9f80000)
 ParOldGen       total 140288K, used 73868K [0x0000000081600000, 0x0000000089f00000, 0x00000000d5d00000)
  object space 140288K, 52% used [0x0000000081600000,0x0000000085e23390,0x0000000089f00000)
 Metaspace       used 9253K, capacity 9478K, committed 9600K, reserved 1058816K
  class space    used 1064K, capacity 1134K, committed 1152K, reserved 1048576K
Event: 1.875 GC heap after
Heap after GC invocations=7 (full 2):
 PSYoungGen      total 68096K, used 4965K [0x00000000d5d00000, 0x00000000e1080000, 0x0000000100000000)
  eden space 62976K, 0% used [0x00000000d5d00000,0x00000000d5d00000,0x00000000d9a80000)
  from space 5120K, 96% used [0x00000000d9a80000,0x00000000d9f59780,0x00000000d9f80000)
  to   space 45056K, 0% used [0x00000000de480000,0x00000000de480000,0x00000000e1080000)
 ParOldGen       total 140288K, used 128556K [0x0000000081600000, 0x0000000089f00000, 0x00000000d5d00000)
  object space 140288K, 91% used [0x0000000081600000,0x000000008938b110,0x0000000089f00000)
 Metaspace       used 9253K, capacity 9478K, committed 9600K, reserved 1058816K
  class space    used 1064K, capacity 1134K, committed 1152K, reserved 1048576K
}
Event: 1.875 GC heap before
{Heap before GC invocations=8 (full 3):
 PSYoungGen      total 68096K, used 4965K [0x00000000d5d00000, 0x00000000e1080000, 0x0000000100000000)
  eden space 62976K, 0% used [0x00000000d5d00000,0x00000000d5d00000,0x00000000d9a80000)
  from space 5120K, 96% used [0x00000000d9a80000,0x00000000d9f59780,0x00000000d9f80000)
  to   space 45056K, 0% used [0x00000000de480000,0x00000000de480000,0x00000000e1080000)
 ParOldGen       total 140288K, used 128556K [0x0000000081600000, 0x0000000089f00000, 0x00000000d5d00000)
  object space 140288K, 91% used [0x0000000081600000,0x000000008938b110,0x0000000089f00000)
 Metaspace       used 9253K, capacity 9478K, committed 9600K, reserved 1058816K
  class space    used 1064K, capacity 1134K, committed 1152K, reserved 1048576K
Event: 1.917 GC heap after
Heap after GC invocations=8 (full 3):
 PSYoungGen      total 68096K, used 0K [0x00000000d5d00000, 0x00000000e1080000, 0x0000000100000000)
  eden space 62976K, 0% used [0x00000000d5d00000,0x00000000d5d00000,0x00000000d9a80000)
  from space 5120K, 0% used [0x00000000d9a80000,0x00000000d9a80000,0x00000000d9f80000)
  to   space 45056K, 0% used [0x00000000de480000,0x00000000de480000,0x00000000e1080000)
 ParOldGen       total 206336K, used 83833K [0x0000000081600000, 0x000000008df80000, 0x00000000d5d00000)
  object space 206336K, 40% used [0x0000000081600000,0x00000000867de4b0,0x000000008df80000)
 Metaspace       used 9253K, capacity 9478K, committed 9600K, reserved 1058816K
  class space    used 1064K, capacity 1134K, committed 1152K, reserved 1048576K
}

Deoptimization events (10 events):
Event: 2.088 Thread 0x0000026cc817c800 Uncommon trap: reason=unstable_if action=reinterpret pc=0x0000026cb1704e6c method=sun.awt.image.ImageRepresentation.convertToRGB()V @ 145
Event: 2.117 Thread 0x0000026cc817c800 Uncommon trap: reason=unstable_if action=reinterpret pc=0x0000026cb16f3238 method=java.lang.Math.round(F)I @ 23
Event: 2.120 Thread 0x0000026cc817c800 Uncommon trap: reason=unstable_if action=reinterpret pc=0x0000026cb171a0e0 method=java.lang.Math.round(F)I @ 23
Event: 2.125 Thread 0x0000026cc817c800 Uncommon trap: reason=unstable_if action=reinterpret pc=0x0000026cb1729044 method=java.lang.Math.round(F)I @ 23
Event: 2.150 Thread 0x0000026cc817c800 Uncommon trap: reason=unstable_if action=reinterpret pc=0x0000026cb1702100 method=sun.awt.image.ImageRepresentation.getOpaqueRGBImage()Ljava/awt/image/BufferedImage; @ 57
Event: 2.336 Thread 0x0000026cafb79000 Uncommon trap: reason=unstable_if action=reinterpret pc=0x0000026cb15e69cc method=org.eclipse.jdt.launching.internal.org.objectweb.asm.ClassReader.readUtf(II[C)Ljava/lang/String; @ 69
Event: 2.366 Thread 0x0000026cafb79000 Uncommon trap: reason=unstable_if action=reinterpret pc=0x0000026cb16c8098 method=java.io.BufferedInputStream.read1([BII)I @ 22
Event: 2.366 Thread 0x0000026cafb79000 Uncommon trap: reason=unstable_if action=reinterpret pc=0x0000026cb16c0704 method=java.io.BufferedInputStream.read1([BII)I @ 22
Event: 3.264 Thread 0x0000026cafb79000 Uncommon trap: reason=unstable_if action=reinterpret pc=0x0000026cb17d372c method=com.sun.org.apache.xerces.internal.dom.DeferredDocumentImpl.clearChunkIndex([[III)I @ 3
Event: 6.495 Thread 0x0000026cafb79000 Uncommon trap: reason=bimorphic action=maybe_recompile pc=0x0000026cb18088ec method=com.sun.org.apache.xerces.internal.dom.DeepNodeListImpl.nextMatchingElementAfter(Lorg/w3c/dom/Node;)Lorg/w3c/dom/Node; @ 5

Classes redefined (4 events):
Event: 29.259 Thread 0x0000026cc6730800 redefined class name=ui.tabs.WeatherTab$CategorySelector, count=1
Event: 29.262 Thread 0x0000026cc6730800 redefined class name=ui.tabs.WeatherTab, count=1
Event: 64.365 Thread 0x0000026cc6730800 redefined class name=ui.tabs.WeatherTab$CategorySelector, count=2
Event: 64.368 Thread 0x0000026cc6730800 redefined class name=ui.tabs.WeatherTab, count=2

Internal exceptions (10 events):
Event: 1.638 Thread 0x0000026cc817c800 Exception <a 'java/io/FileNotFoundException'> (0x00000000d69049c0) thrown at [C:\jenkins\workspace\8-2-build-windows-amd64-cygwin\jdk8u281\880\hotspot\src\share\vm\prims\jni.cpp, line 710]
Event: 1.638 Thread 0x0000026cc817c800 Exception <a 'java/io/FileNotFoundException'> (0x00000000d69050a0) thrown at [C:\jenkins\workspace\8-2-build-windows-amd64-cygwin\jdk8u281\880\hotspot\src\share\vm\prims\jni.cpp, line 710]
Event: 1.638 Thread 0x0000026cc817c800 Exception <a 'java/io/FileNotFoundException'> (0x00000000d6905778) thrown at [C:\jenkins\workspace\8-2-build-windows-amd64-cygwin\jdk8u281\880\hotspot\src\share\vm\prims\jni.cpp, line 710]
Event: 1.639 Thread 0x0000026cc817c800 Exception <a 'java/io/FileNotFoundException'> (0x00000000d6905e50) thrown at [C:\jenkins\workspace\8-2-build-windows-amd64-cygwin\jdk8u281\880\hotspot\src\share\vm\prims\jni.cpp, line 710]
Event: 1.639 Thread 0x0000026cc817c800 Exception <a 'java/io/FileNotFoundException'> (0x00000000d6906538) thrown at [C:\jenkins\workspace\8-2-build-windows-amd64-cygwin\jdk8u281\880\hotspot\src\share\vm\prims\jni.cpp, line 710]
Event: 2.086 Thread 0x0000026cc817c800 Implicit null exception at 0x0000026cb17025c0 to 0x0000026cb1703335
Event: 2.086 Thread 0x0000026cc817c800 Implicit null exception at 0x0000026cb16f34bd to 0x0000026cb16f36f9
Event: 3.264 Thread 0x0000026cafb79000 Implicit null exception at 0x0000026cb17d3622 to 0x0000026cb17d370d
Event: 6.543 Thread 0x0000026cafb79000 Exception <a 'java/io/FileNotFoundException'> (0x00000000d7e4dc20) thrown at [C:\jenkins\workspace\8-2-build-windows-amd64-cygwin\jdk8u281\880\hotspot\src\share\vm\prims\jni.cpp, line 710]
Event: 6.544 Thread 0x0000026cafb79000 Exception <a 'java/lang/NullPointerException'> (0x00000000d7e4e2c8) thrown at [C:\jenkins\workspace\8-2-build-windows-amd64-cygwin\jdk8u281\880\hotspot\src\share\vm\interpreter\linkResolver.cpp, line 1185]

Events (10 events):
Event: 585.089 Executing VM operation: GetOwnedMonitorInfo
Event: 585.090 Executing VM operation: GetOwnedMonitorInfo done
Event: 585.090 Executing VM operation: GetCurrentContendedMonitor
Event: 585.090 Executing VM operation: GetCurrentContendedMonitor done
Event: 756.126 Executing VM operation: GetOwnedMonitorInfo
Event: 756.126 Executing VM operation: GetOwnedMonitorInfo done
Event: 756.127 Executing VM operation: GetCurrentContendedMonitor
Event: 756.127 Executing VM operation: GetCurrentContendedMonitor done
Event: 777.809 Thread 0x0000026cc6805800 DEOPT PACKING pc=0x0000026cb15fdeb6 sp=0x000000edd19fd3f0
Event: 777.809 Thread 0x0000026cc6805800 DEOPT UNPACKING pc=0x0000026cb14b7898 sp=0x000000edd19fd3e8 mode 0


Dynamic libraries:
0x00007ff7cdcc0000 - 0x00007ff7cdd07000 	C:\Program Files\Java\jre1.8.0_281\bin\javaw.exe
0x00007ffeb9250000 - 0x00007ffeb9445000 	C:\WINDOWS\SYSTEM32\ntdll.dll
0x00007ffeb7bb0000 - 0x00007ffeb7c6d000 	C:\WINDOWS\System32\KERNEL32.DLL
0x00007ffeb6cb0000 - 0x00007ffeb6f7d000 	C:\WINDOWS\System32\KERNELBASE.dll
0x00007ffeb9010000 - 0x00007ffeb90be000 	C:\WINDOWS\System32\ADVAPI32.dll
0x00007ffeb8690000 - 0x00007ffeb872e000 	C:\WINDOWS\System32\msvcrt.dll
0x00007ffeb7ce0000 - 0x00007ffeb7d7c000 	C:\WINDOWS\System32\sechost.dll
0x00007ffeb7470000 - 0x00007ffeb7595000 	C:\WINDOWS\System32\RPCRT4.dll
0x00007ffeb8e70000 - 0x00007ffeb9010000 	C:\WINDOWS\System32\USER32.dll
0x00007ffeb6a20000 - 0x00007ffeb6a42000 	C:\WINDOWS\System32\win32u.dll
0x00007ffeb73e0000 - 0x00007ffeb740a000 	C:\WINDOWS\System32\GDI32.dll
0x00007ffeb6a50000 - 0x00007ffeb6b5b000 	C:\WINDOWS\System32\gdi32full.dll
0x00007ffeb6f80000 - 0x00007ffeb701d000 	C:\WINDOWS\System32\msvcp_win.dll
0x00007ffeb6b60000 - 0x00007ffeb6c60000 	C:\WINDOWS\System32\ucrtbase.dll
0x00007ffea7150000 - 0x00007ffea73ea000 	C:\WINDOWS\WinSxS\amd64_microsoft.windows.common-controls_6595b64144ccf1df_6.0.19041.1110_none_60b5254171f9507e\COMCTL32.dll
0x00007ffeb7f10000 - 0x00007ffeb7f40000 	C:\WINDOWS\System32\IMM32.DLL
0x00007ffead890000 - 0x00007ffead8a5000 	C:\Program Files\Java\jre1.8.0_281\bin\vcruntime140.dll
0x00007ffe83940000 - 0x00007ffe839db000 	C:\Program Files\Java\jre1.8.0_281\bin\msvcp140.dll
0x00000000661b0000 - 0x0000000066a0f000 	C:\Program Files\Java\jre1.8.0_281\bin\server\jvm.dll
0x00007ffeb73d0000 - 0x00007ffeb73d8000 	C:\WINDOWS\System32\PSAPI.DLL
0x00007ffea3800000 - 0x00007ffea3809000 	C:\WINDOWS\SYSTEM32\WSOCK32.dll
0x00007ffead590000 - 0x00007ffead59a000 	C:\WINDOWS\SYSTEM32\VERSION.dll
0x00007ffeac1a0000 - 0x00007ffeac1c7000 	C:\WINDOWS\SYSTEM32\WINMM.dll
0x00007ffeb7c70000 - 0x00007ffeb7cdb000 	C:\WINDOWS\System32\WS2_32.dll
0x00007ffeb5240000 - 0x00007ffeb5252000 	C:\WINDOWS\SYSTEM32\kernel.appcore.dll
0x00007ffe9e360000 - 0x00007ffe9e370000 	C:\Program Files\Java\jre1.8.0_281\bin\verify.dll
0x00007ffe84ad0000 - 0x00007ffe84afb000 	C:\Program Files\Java\jre1.8.0_281\bin\java.dll
0x00007ffe95c70000 - 0x00007ffe95ca6000 	C:\Program Files\Java\jre1.8.0_281\bin\jdwp.dll
0x00007ffeb3ca0000 - 0x00007ffeb3ca9000 	C:\Program Files\Java\jre1.8.0_281\bin\npt.dll
0x00007ffe927f0000 - 0x00007ffe92820000 	C:\Program Files\Java\jre1.8.0_281\bin\instrument.dll
0x00007ffe93020000 - 0x00007ffe93038000 	C:\Program Files\Java\jre1.8.0_281\bin\zip.dll
0x00007ffeb7f40000 - 0x00007ffeb8684000 	C:\WINDOWS\System32\SHELL32.dll
0x00007ffeb4750000 - 0x00007ffeb4ee4000 	C:\WINDOWS\SYSTEM32\windows.storage.dll
0x00007ffeb87e0000 - 0x00007ffeb8b34000 	C:\WINDOWS\System32\combase.dll
0x00007ffeb63c0000 - 0x00007ffeb63ec000 	C:\WINDOWS\SYSTEM32\Wldp.dll
0x00007ffeb8730000 - 0x00007ffeb87dd000 	C:\WINDOWS\System32\SHCORE.dll
0x00007ffeb76d0000 - 0x00007ffeb7725000 	C:\WINDOWS\System32\shlwapi.dll
0x00007ffeb68a0000 - 0x00007ffeb68bf000 	C:\WINDOWS\SYSTEM32\profapi.dll
0x00007ffeb0e40000 - 0x00007ffeb0e4a000 	C:\Program Files\Java\jre1.8.0_281\bin\dt_socket.dll
0x00007ffe94450000 - 0x00007ffe94467000 	C:\WINDOWS\system32\napinsp.dll
0x00007ffe94430000 - 0x00007ffe9444b000 	C:\WINDOWS\system32\pnrpnsp.dll
0x00007ffeb1840000 - 0x00007ffeb1855000 	C:\WINDOWS\system32\wshbth.dll
0x00007ffeb1940000 - 0x00007ffeb195d000 	C:\WINDOWS\system32\NLAapi.dll
0x00007ffeb5d40000 - 0x00007ffeb5d7b000 	C:\WINDOWS\SYSTEM32\IPHLPAPI.DLL
0x00007ffeb60b0000 - 0x00007ffeb611a000 	C:\WINDOWS\System32\mswsock.dll
0x00007ffeb5d80000 - 0x00007ffeb5e4b000 	C:\WINDOWS\SYSTEM32\DNSAPI.dll
0x00007ffeb8cb0000 - 0x00007ffeb8cb8000 	C:\WINDOWS\System32\NSI.dll
0x00007ffe94410000 - 0x00007ffe94422000 	C:\WINDOWS\System32\winrnr.dll
0x00007ffea9880000 - 0x00007ffea9900000 	C:\WINDOWS\System32\fwpuclnt.dll
0x00007ffeb6960000 - 0x00007ffeb6987000 	C:\WINDOWS\System32\bcrypt.dll
0x00007ffeae800000 - 0x00007ffeae80a000 	C:\Windows\System32\rasadhlp.dll
0x00007ffe68ee0000 - 0x00007ffe69075000 	C:\Program Files\Java\jre1.8.0_281\bin\awt.dll
0x00007ffeb90c0000 - 0x00007ffeb918d000 	C:\WINDOWS\System32\OLEAUT32.dll
0x00007ffeb3cc0000 - 0x00007ffeb3d50000 	C:\WINDOWS\SYSTEM32\apphelp.dll
0x00007ffeb42d0000 - 0x00007ffeb42ff000 	C:\WINDOWS\system32\DWMAPI.DLL
0x00007ffeb3fd0000 - 0x00007ffeb406e000 	C:\WINDOWS\system32\uxtheme.dll
0x00007ffe93ee0000 - 0x00007ffe94006000 	C:\WINDOWS\system32\opengl32.dll
0x00007ffe93db0000 - 0x00007ffe93ddc000 	C:\WINDOWS\SYSTEM32\GLU32.dll
0x00007ffeb75b0000 - 0x00007ffeb76c5000 	C:\WINDOWS\System32\MSCTF.dll
0x00007ffeb7de0000 - 0x00007ffeb7f0a000 	C:\WINDOWS\System32\ole32.dll
0x00007ffeb6990000 - 0x00007ffeb6a12000 	C:\WINDOWS\System32\bcryptPrimitives.dll
0x00007ffe95c10000 - 0x00007ffe95c42000 	C:\Program Files\Java\jre1.8.0_281\bin\jpeg.dll
0x00007ffe88f80000 - 0x00007ffe88f9c000 	C:\Program Files\Java\jre1.8.0_281\bin\net.dll
0x00007ffe923b0000 - 0x00007ffe923f9000 	C:\Program Files\Java\jre1.8.0_281\bin\fontmanager.dll

VM Arguments:
jvm_args: -agentlib:jdwp=transport=dt_socket,suspend=y,address=localhost:1274 -javaagent:D:\kali\eclipse-jee-2019-06-R-win32-x86_64\eclipse\configuration\org.eclipse.osgi\411\0\.cp\lib\javaagent-shaded.jar -Dfile.encoding=UTF-8 
java_command: ui.OCafe
java_class_path (initial): C:\Users\eunwook\git\ocafeproject6\bin;C:\Users\eunwook\git\ocafeproject6\lib\apiguardian-api-1.0.0.jar;C:\Users\eunwook\git\ocafeproject6\lib\json-20200518.jar;C:\Users\eunwook\git\ocafeproject6\lib\junit-jupiter-5.4.2.jar;C:\Users\eunwook\git\ocafeproject6\lib\junit-jupiter-api-5.4.2.jar;C:\Users\eunwook\git\ocafeproject6\lib\junit-jupiter-engine-5.4.2.jar;C:\Users\eunwook\git\ocafeproject6\lib\junit-jupiter-params-5.4.2.jar;C:\Users\eunwook\git\ocafeproject6\lib\junit-platform-commons-1.4.2.jar;C:\Users\eunwook\git\ocafeproject6\lib\junit-platform-engine-1.4.2.jar;C:\Users\eunwook\git\ocafeproject6\lib\opentest4j-1.1.1.jar;C:\Users\eunwook\git\ocafeproject6\out\artifacts\OCafe_jar\OCafe.jar;D:\kali\json-simple-1.1.1.jar.zip;D:\kali\eclipse-jee-2019-06-R-win32-x86_64\eclipse\configuration\org.eclipse.osgi\411\0\.cp\lib\javaagent-shaded.jar
Launcher Type: SUN_STANDARD

Environment Variables:
JAVA_HOME=C:\Program Files\java\jdk1.8.0_281
PATH=C:/Program Files/Java/jre1.8.0_281/bin/server;C:/Program Files/Java/jre1.8.0_281/bin;C:/Program Files/Java/jre1.8.0_281/lib/amd64;C:\Program Files (x86)\Common Files\Oracle\Java\javapath;C:\Program Files (x86)\VMware\VMware Player\bin\;C:\APM_Setup\Server\PHP5;C:\WINDOWS\system32;C:\WINDOWS;C:\WINDOWS\System32\Wbem;C:\WINDOWS\System32\WindowsPowerShell\v1.0\;C:\WINDOWS\System32\OpenSSH\;C:\Users\eunwook\miniconda3;C:\Users\eunwook\miniconda3\condabin;C:\Users\eunwook\miniconda3\Library\bin;C:\Users\eunwook\miniconda3\Scripts;C:\Program Files\dotnet\;C:\Program Files\Microsoft SQL Server\130\Tools\Binn\;C:\Program Files\java\jdk1.8.0_281\bin;C:\Users\eunwook\AppData\Local\Microsoft\WindowsApps;C:\Users\eunwook\AppData\Local\Programs\Microsoft VS Code\bin;D:\kali\eclipse-jee-2019-06-R-win32-x86_64\eclipse;
USERNAME=eunwook
OS=Windows_NT
PROCESSOR_IDENTIFIER=Intel64 Family 6 Model 142 Stepping 10, GenuineIntel



---------------  S Y S T E M  ---------------

OS: Windows 10.0 , 64 bit Build 19041 (10.0.19041.1706)

CPU:total 8 (initial active 8) (4 cores per cpu, 2 threads per core) family 6 model 142 stepping 10, cmov, cx8, fxsr, mmx, sse, sse2, sse3, ssse3, sse4.1, sse4.2, popcnt, avx, avx2, aes, clmul, erms, 3dnowpref, lzcnt, ht, tsc, tscinvbit, bmi1, bmi2, adx

Memory: 4k page, physical 8295652k(752680k free), swap 22004832k(2268k free)

vm_info: Java HotSpot(TM) 64-Bit Server VM (25.281-b09) for windows-amd64 JRE (1.8.0_281-b09), built on Dec  9 2020 13:54:07 by "" with MS VC++ 15.9 (VS2017)

time: Tue May 24 21:06:14 2022
timezone: 대한민국 표준시
elapsed time: 778.222094 seconds (0d 0h 12m 58s)

