#
# There is insufficient memory for the Java Runtime Environment to continue.
# Native memory allocation (malloc) failed to allocate 32744 bytes for ChunkPool::allocate
# Possible reasons:
#   The system is out of physical RAM or swap space
#   The process is running with CompressedOops enabled, and the Java Heap may be blocking the growth of the native heap
# Possible solutions:
#   Reduce memory load on the system
#   Increase physical memory or swap space
#   Check if swap backing store is full
#   Decrease Java heap size (-Xmx/-Xms)
#   Decrease number of Java threads
#   Decrease Java thread stack sizes (-Xss)
#   Set larger code cache with -XX:ReservedCodeCacheSize=
#   JVM is running with Unscaled Compressed Oops mode in which the Java heap is
#     placed in the first 4GB address space. The Java Heap base address is the
#     maximum limit for the native heap growth. Please use -XX:HeapBaseMinAddress
#     to set the Java Heap base and to place the Java Heap above 4GB virtual address.
# This output file may be truncated or incomplete.
#
#  Out of Memory Error (allocation.cpp:272), pid=29272, tid=0x00000000000071dc
#
# JRE version: Java(TM) SE Runtime Environment (8.0_281-b09) (build 1.8.0_281-b09)
# Java VM: Java HotSpot(TM) 64-Bit Server VM (25.281-b09 mixed mode windows-amd64 compressed oops)
# Failed to write core dump. Minidumps are not enabled by default on client versions of Windows
#

---------------  T H R E A D  ---------------

Current thread (0x0000014216c72800):  JavaThread "C1 CompilerThread3" daemon [_thread_in_native, id=29148, stack(0x00000029b7f00000,0x00000029b8000000)]

Stack: [0x00000029b7f00000,0x00000029b8000000]
Native frames: (J=compiled Java code, j=interpreted, Vv=VM code, C=native code)
V  [jvm.dll+0x32e5b9]


Current CompileTask:
C1:    672  175       3       org.eclipse.jdt.launching.internal.org.objectweb.asm.ClassReader::readCode (5089 bytes)


---------------  P R O C E S S  ---------------

Java Threads: ( => current thread )
  0x0000014216c75000 JavaThread "Service Thread" daemon [_thread_blocked, id=25760, stack(0x00000029b8000000,0x00000029b8100000)]
=>0x0000014216c72800 JavaThread "C1 CompilerThread3" daemon [_thread_in_native, id=29148, stack(0x00000029b7f00000,0x00000029b8000000)]
  0x0000014216c69800 JavaThread "C2 CompilerThread2" daemon [_thread_blocked, id=21220, stack(0x00000029b7e00000,0x00000029b7f00000)]
  0x0000014216c67000 JavaThread "C2 CompilerThread1" daemon [_thread_blocked, id=20648, stack(0x00000029b7d00000,0x00000029b7e00000)]
  0x0000014216c64000 JavaThread "C2 CompilerThread0" daemon [_thread_blocked, id=21812, stack(0x00000029b7c00000,0x00000029b7d00000)]
  0x0000014216b67000 JavaThread "JDWP Command Reader" daemon [_thread_in_native, id=16308, stack(0x00000029b7b00000,0x00000029b7c00000)]
  0x0000014216b60800 JavaThread "JDWP Event Helper Thread" daemon [_thread_blocked, id=19916, stack(0x00000029b7a00000,0x00000029b7b00000)]
  0x00000142155e8000 JavaThread "JDWP Transport Listener: dt_socket" daemon [_thread_in_vm, id=3392, stack(0x00000029b7900000,0x00000029b7a00000)]
  0x00000142155be000 JavaThread "Attach Listener" daemon [_thread_blocked, id=19616, stack(0x00000029b7800000,0x00000029b7900000)]
  0x00000142155bd800 JavaThread "Signal Dispatcher" daemon [_thread_blocked, id=20468, stack(0x00000029b7700000,0x00000029b7800000)]
  0x0000014215543000 JavaThread "Finalizer" daemon [_thread_blocked, id=6316, stack(0x00000029b7600000,0x00000029b7700000)]
  0x000001421551b800 JavaThread "Reference Handler" daemon [_thread_blocked, id=30532, stack(0x00000029b7500000,0x00000029b7600000)]
  0x000001427e898800 JavaThread "main" [_thread_blocked, id=20392, stack(0x00000029b6b00000,0x00000029b6c00000)]

Other Threads:
  0x0000014215511800 VMThread [stack: 0x00000029b7400000,0x00000029b7500000] [id=23352]
  0x0000014216d97800 WatcherThread [stack: 0x00000029b8100000,0x00000029b8200000] [id=24452]

VM state:not at safepoint (normal execution)

VM Mutex/Monitor currently owned by a thread: None

heap address: 0x0000000081600000, size: 2026 MB, Compressed Oops mode: 32-bit
Narrow klass base: 0x0000000000000000, Narrow klass shift: 3
Compressed class space size: 1073741824 Address: 0x0000000100000000

Heap:
 PSYoungGen      total 38400K, used 8052K [0x00000000d5d00000, 0x00000000d8780000, 0x0000000100000000)
  eden space 33280K, 24% used [0x00000000d5d00000,0x00000000d64dd268,0x00000000d7d80000)
  from space 5120K, 0% used [0x00000000d8280000,0x00000000d8280000,0x00000000d8780000)
  to   space 5120K, 0% used [0x00000000d7d80000,0x00000000d7d80000,0x00000000d8280000)
 ParOldGen       total 87552K, used 0K [0x0000000081600000, 0x0000000086b80000, 0x00000000d5d00000)
  object space 87552K, 0% used [0x0000000081600000,0x0000000081600000,0x0000000086b80000)
 Metaspace       used 5767K, capacity 5842K, committed 6144K, reserved 1056768K
  class space    used 642K, capacity 689K, committed 768K, reserved 1048576K

Card table byte_map: [0x000001427f100000,0x000001427f500000] byte_map_base: 0x000001427ecf5000

Marking Bits: (ParMarkBitMap*) 0x0000000066996ff0
 Begin Bits: [0x0000014210410000, 0x00000142123b8000)
 End Bits:   [0x00000142123b8000, 0x0000014214360000)

Polling page: 0x000001427eb00000

CodeCache: size=245760Kb used=1501Kb max_used=1515Kb free=244258Kb
 bounds [0x0000014201410000, 0x0000014201680000, 0x0000014210410000]
 total_blobs=475 nmethods=176 adapters=220
 compilation: enabled

Compilation events (10 events):
Event: 0.639 Thread 0x0000014216c72800 nmethod 158 0x0000014201584090 code [0x00000142015841e0, 0x00000142015842f8]
Event: 0.639 Thread 0x0000014216c67000  173       4       org.eclipse.jdt.launching.internal.org.objectweb.asm.ClassReader::readUtf (161 bytes)
Event: 0.639 Thread 0x0000014216c69800  174       4       org.eclipse.jdt.launching.internal.org.objectweb.asm.ByteVector::putUTF8 (144 bytes)
Event: 0.640 Thread 0x0000014216c72800  175       3       org.eclipse.jdt.launching.internal.org.objectweb.asm.ClassReader::readCode (5089 bytes)
Event: 0.641 Thread 0x0000014216c64000  181       4       org.eclipse.jdt.launching.internal.org.objectweb.asm.ClassReader::readUtf (44 bytes)
Event: 0.651 Thread 0x0000014216c69800 nmethod 174 0x0000014201587890 code [0x0000014201587a00, 0x0000014201588118]
Event: 0.651 Thread 0x0000014216c69800  184       4       org.eclipse.jdt.launching.internal.org.objectweb.asm.ByteVector::putShort (52 bytes)
Event: 0.652 Thread 0x0000014216c67000 nmethod 173 0x0000014201585090 code [0x0000014201585200, 0x0000014201585cb8]
Event: 0.653 Thread 0x0000014216c69800 nmethod 184 0x0000014201588950 code [0x0000014201588aa0, 0x0000014201588ca8]
Event: 0.657 Thread 0x0000014216c64000 nmethod 181 0x0000014201588e50 code [0x0000014201588fe0, 0x0000014201589b78]

GC Heap History (0 events):
No events

Deoptimization events (0 events):
No events

Classes redefined (0 events):
No events

Internal exceptions (8 events):
Event: 0.055 Thread 0x000001427e898800 Exception <a 'java/lang/NoSuchMethodError': Method sun.misc.Unsafe.defineClass(Ljava/lang/String;[BII)Ljava/lang/Class; name or signature does not match> (0x00000000d5d07cc0) thrown at [C:\jenkins\workspace\8-2-build-windows-amd64-cygwin\jdk8u281\880\hots
Event: 0.055 Thread 0x000001427e898800 Exception <a 'java/lang/NoSuchMethodError': Method sun.misc.Unsafe.prefetchRead(Ljava/lang/Object;J)V name or signature does not match> (0x00000000d5d07fa8) thrown at [C:\jenkins\workspace\8-2-build-windows-amd64-cygwin\jdk8u281\880\hotspot\src\share\vm\p
Event: 0.653 Thread 0x000001427e898800 Exception <a 'java/security/PrivilegedActionException'> (0x00000000d64aff00) thrown at [C:\jenkins\workspace\8-2-build-windows-amd64-cygwin\jdk8u281\880\hotspot\src\share\vm\prims\jvm.cpp, line 1512]
Event: 0.653 Thread 0x000001427e898800 Exception <a 'java/security/PrivilegedActionException'> (0x00000000d64b0110) thrown at [C:\jenkins\workspace\8-2-build-windows-amd64-cygwin\jdk8u281\880\hotspot\src\share\vm\prims\jvm.cpp, line 1512]
Event: 0.655 Thread 0x000001427e898800 Exception <a 'java/security/PrivilegedActionException'> (0x00000000d64b3d80) thrown at [C:\jenkins\workspace\8-2-build-windows-amd64-cygwin\jdk8u281\880\hotspot\src\share\vm\prims\jvm.cpp, line 1512]
Event: 0.655 Thread 0x000001427e898800 Exception <a 'java/security/PrivilegedActionException'> (0x00000000d64b3f90) thrown at [C:\jenkins\workspace\8-2-build-windows-amd64-cygwin\jdk8u281\880\hotspot\src\share\vm\prims\jvm.cpp, line 1512]
Event: 0.660 Thread 0x000001427e898800 Exception <a 'java/lang/UnsatisfiedLinkError'> (0x00000000d64c0a70) thrown at [C:\jenkins\workspace\8-2-build-windows-amd64-cygwin\jdk8u281\880\hotspot\src\share\vm\prims\jvm.cpp, line 4101]
Event: 0.660 Thread 0x000001427e898800 Exception <a 'java/lang/UnsatisfiedLinkError'> (0x00000000d64c0a70) thrown at [C:\jenkins\workspace\8-2-build-windows-amd64-cygwin\jdk8u281\880\hotspot\src\share\vm\prims\jni.cpp, line 710]

Events (10 events):
Event: 0.657 loading class sun/awt/resources/awt
Event: 0.657 loading class java/util/ListResourceBundle
Event: 0.657 loading class java/util/ListResourceBundle done
Event: 0.657 loading class sun/awt/resources/awt done
Event: 0.657 loading class sun/awt/resources/awt_ko
Event: 0.657 loading class sun/awt/resources/awt_ko done
Event: 0.657 loading class java/awt/Toolkit$3
Event: 0.657 loading class java/awt/Toolkit$3 done
Event: 0.660 loading class java/lang/UnsatisfiedLinkError
Event: 0.660 loading class java/lang/UnsatisfiedLinkError done


Dynamic libraries:
0x00007ff6191a0000 - 0x00007ff6191e7000 	C:\Program Files\Java\jre1.8.0_281\bin\javaw.exe
0x00007ffeb9250000 - 0x00007ffeb9445000 	C:\WINDOWS\SYSTEM32\ntdll.dll
0x00007ffeb7bb0000 - 0x00007ffeb7c6d000 	C:\WINDOWS\System32\KERNEL32.DLL
0x00007ffeb6cb0000 - 0x00007ffeb6f7d000 	C:\WINDOWS\System32\KERNELBASE.dll
0x00007ffeb9010000 - 0x00007ffeb90be000 	C:\WINDOWS\System32\ADVAPI32.dll
0x00007ffeb8690000 - 0x00007ffeb872e000 	C:\WINDOWS\System32\msvcrt.dll
0x00007ffeb7ce0000 - 0x00007ffeb7d7c000 	C:\WINDOWS\System32\sechost.dll
0x00007ffeb7470000 - 0x00007ffeb7595000 	C:\WINDOWS\System32\RPCRT4.dll
0x00007ffeb8e70000 - 0x00007ffeb9010000 	C:\WINDOWS\System32\USER32.dll
0x00007ffeb6a20000 - 0x00007ffeb6a42000 	C:\WINDOWS\System32\win32u.dll
0x00007ffeb73e0000 - 0x00007ffeb740a000 	C:\WINDOWS\System32\GDI32.dll
0x00007ffeb6a50000 - 0x00007ffeb6b5b000 	C:\WINDOWS\System32\gdi32full.dll
0x00007ffeb6f80000 - 0x00007ffeb701d000 	C:\WINDOWS\System32\msvcp_win.dll
0x00007ffeb6b60000 - 0x00007ffeb6c60000 	C:\WINDOWS\System32\ucrtbase.dll
0x00007ffea7150000 - 0x00007ffea73ea000 	C:\WINDOWS\WinSxS\amd64_microsoft.windows.common-controls_6595b64144ccf1df_6.0.19041.1110_none_60b5254171f9507e\COMCTL32.dll
0x00007ffeb7f10000 - 0x00007ffeb7f40000 	C:\WINDOWS\System32\IMM32.DLL
0x00007ffe9e220000 - 0x00007ffe9e235000 	C:\Program Files\Java\jre1.8.0_281\bin\vcruntime140.dll
0x00007ffe84050000 - 0x00007ffe840eb000 	C:\Program Files\Java\jre1.8.0_281\bin\msvcp140.dll
0x00000000661b0000 - 0x0000000066a0f000 	C:\Program Files\Java\jre1.8.0_281\bin\server\jvm.dll
0x00007ffeb73d0000 - 0x00007ffeb73d8000 	C:\WINDOWS\System32\PSAPI.DLL
0x00007ffea3800000 - 0x00007ffea3809000 	C:\WINDOWS\SYSTEM32\WSOCK32.dll
0x00007ffead590000 - 0x00007ffead59a000 	C:\WINDOWS\SYSTEM32\VERSION.dll
0x00007ffeac1a0000 - 0x00007ffeac1c7000 	C:\WINDOWS\SYSTEM32\WINMM.dll
0x00007ffeb7c70000 - 0x00007ffeb7cdb000 	C:\WINDOWS\System32\WS2_32.dll
0x00007ffeb5240000 - 0x00007ffeb5252000 	C:\WINDOWS\SYSTEM32\kernel.appcore.dll
0x00007ffe94130000 - 0x00007ffe94140000 	C:\Program Files\Java\jre1.8.0_281\bin\verify.dll
0x00007ffe92be0000 - 0x00007ffe92c0b000 	C:\Program Files\Java\jre1.8.0_281\bin\java.dll
0x00007ffe92290000 - 0x00007ffe922c6000 	C:\Program Files\Java\jre1.8.0_281\bin\jdwp.dll
0x00007ffeada30000 - 0x00007ffeada39000 	C:\Program Files\Java\jre1.8.0_281\bin\npt.dll
0x00007ffe9d5f0000 - 0x00007ffe9d620000 	C:\Program Files\Java\jre1.8.0_281\bin\instrument.dll
0x00007ffe93020000 - 0x00007ffe93038000 	C:\Program Files\Java\jre1.8.0_281\bin\zip.dll
0x00007ffeb7f40000 - 0x00007ffeb8684000 	C:\WINDOWS\System32\SHELL32.dll
0x00007ffeb4750000 - 0x00007ffeb4ee4000 	C:\WINDOWS\SYSTEM32\windows.storage.dll
0x00007ffeb87e0000 - 0x00007ffeb8b34000 	C:\WINDOWS\System32\combase.dll
0x00007ffeb63c0000 - 0x00007ffeb63ec000 	C:\WINDOWS\SYSTEM32\Wldp.dll
0x00007ffeb8730000 - 0x00007ffeb87dd000 	C:\WINDOWS\System32\SHCORE.dll
0x00007ffeb76d0000 - 0x00007ffeb7725000 	C:\WINDOWS\System32\shlwapi.dll
0x00007ffeb68a0000 - 0x00007ffeb68bf000 	C:\WINDOWS\SYSTEM32\profapi.dll
0x00007ffe9e2b0000 - 0x00007ffe9e2ba000 	C:\Program Files\Java\jre1.8.0_281\bin\dt_socket.dll
0x00007ffe94450000 - 0x00007ffe94467000 	C:\WINDOWS\system32\napinsp.dll
0x00007ffe94430000 - 0x00007ffe9444b000 	C:\WINDOWS\system32\pnrpnsp.dll
0x00007ffeb1840000 - 0x00007ffeb1855000 	C:\WINDOWS\system32\wshbth.dll
0x00007ffeb1940000 - 0x00007ffeb195d000 	C:\WINDOWS\system32\NLAapi.dll
0x00007ffeb5d40000 - 0x00007ffeb5d7b000 	C:\WINDOWS\SYSTEM32\IPHLPAPI.DLL
0x00007ffeb60b0000 - 0x00007ffeb611a000 	C:\WINDOWS\System32\mswsock.dll
0x00007ffeb5d80000 - 0x00007ffeb5e4b000 	C:\WINDOWS\SYSTEM32\DNSAPI.dll
0x00007ffeb8cb0000 - 0x00007ffeb8cb8000 	C:\WINDOWS\System32\NSI.dll
0x00007ffe94410000 - 0x00007ffe94422000 	C:\WINDOWS\System32\winrnr.dll
0x00007ffea9880000 - 0x00007ffea9900000 	C:\WINDOWS\System32\fwpuclnt.dll
0x00007ffeb6960000 - 0x00007ffeb6987000 	C:\WINDOWS\System32\bcrypt.dll
0x00007ffeae800000 - 0x00007ffeae80a000 	C:\Windows\System32\rasadhlp.dll

VM Arguments:
jvm_args: -agentlib:jdwp=transport=dt_socket,suspend=y,address=localhost:4220 -javaagent:D:\kali\eclipse-jee-2019-06-R-win32-x86_64\eclipse\configuration\org.eclipse.osgi\411\0\.cp\lib\javaagent-shaded.jar -Dfile.encoding=UTF-8 
java_command: ui.OCafe
java_class_path (initial): C:\Users\eunwook\git\ocafeproject6\bin;C:\Users\eunwook\git\ocafeproject6\lib\apiguardian-api-1.0.0.jar;C:\Users\eunwook\git\ocafeproject6\lib\json-20200518.jar;C:\Users\eunwook\git\ocafeproject6\lib\junit-jupiter-5.4.2.jar;C:\Users\eunwook\git\ocafeproject6\lib\junit-jupiter-api-5.4.2.jar;C:\Users\eunwook\git\ocafeproject6\lib\junit-jupiter-engine-5.4.2.jar;C:\Users\eunwook\git\ocafeproject6\lib\junit-jupiter-params-5.4.2.jar;C:\Users\eunwook\git\ocafeproject6\lib\junit-platform-commons-1.4.2.jar;C:\Users\eunwook\git\ocafeproject6\lib\junit-platform-engine-1.4.2.jar;C:\Users\eunwook\git\ocafeproject6\lib\opentest4j-1.1.1.jar;C:\Users\eunwook\git\ocafeproject6\out\artifacts\OCafe_jar\OCafe.jar;D:\kali\json-simple-1.1.1.jar.zip;D:\kali\eclipse-jee-2019-06-R-win32-x86_64\eclipse\configuration\org.eclipse.osgi\411\0\.cp\lib\javaagent-shaded.jar
Launcher Type: SUN_STANDARD

Environment Variables:
JAVA_HOME=C:\Program Files\java\jdk1.8.0_281
PATH=C:/Program Files/Java/jre1.8.0_281/bin/server;C:/Program Files/Java/jre1.8.0_281/bin;C:/Program Files/Java/jre1.8.0_281/lib/amd64;C:\Program Files (x86)\Common Files\Oracle\Java\javapath;C:\Program Files (x86)\VMware\VMware Player\bin\;C:\APM_Setup\Server\PHP5;C:\WINDOWS\system32;C:\WINDOWS;C:\WINDOWS\System32\Wbem;C:\WINDOWS\System32\WindowsPowerShell\v1.0\;C:\WINDOWS\System32\OpenSSH\;C:\Users\eunwook\miniconda3;C:\Users\eunwook\miniconda3\condabin;C:\Users\eunwook\miniconda3\Library\bin;C:\Users\eunwook\miniconda3\Scripts;C:\Program Files\dotnet\;C:\Program Files\Microsoft SQL Server\130\Tools\Binn\;C:\Program Files\java\jdk1.8.0_281\bin;C:\Users\eunwook\AppData\Local\Microsoft\WindowsApps;C:\Users\eunwook\AppData\Local\Programs\Microsoft VS Code\bin;D:\kali\eclipse-jee-2019-06-R-win32-x86_64\eclipse;
USERNAME=eunwook
OS=Windows_NT
PROCESSOR_IDENTIFIER=Intel64 Family 6 Model 142 Stepping 10, GenuineIntel



---------------  S Y S T E M  ---------------

OS: Windows 10.0 , 64 bit Build 19041 (10.0.19041.1706)

CPU:total 8 (initial active 8) (4 cores per cpu, 2 threads per core) family 6 model 142 stepping 10, cmov, cx8, fxsr, mmx, sse, sse2, sse3, ssse3, sse4.1, sse4.2, popcnt, avx, avx2, aes, clmul, erms, 3dnowpref, lzcnt, ht, tsc, tscinvbit, bmi1, bmi2, adx

Memory: 4k page, physical 8295652k(500088k free), swap 22004832k(27540k free)

vm_info: Java HotSpot(TM) 64-Bit Server VM (25.281-b09) for windows-amd64 JRE (1.8.0_281-b09), built on Dec  9 2020 13:54:07 by "" with MS VC++ 15.9 (VS2017)

time: Sun May 22 23:13:03 2022
timezone: 대한민국 표준시
elapsed time: 0.680794 seconds (0d 0h 0m 0s)

